#
# There is insufficient memory for the Java Runtime Environment to continue.
# Native memory allocation (malloc) failed to allocate 746080 bytes for Chunk::new
# Possible reasons:
#   The system is out of physical RAM or swap space
#   The process is running with CompressedOops enabled, and the Java Heap may be blocking the growth of the native heap
# Possible solutions:
#   Reduce memory load on the system
#   Increase physical memory or swap space
#   Check if swap backing store is full
#   Decrease Java heap size (-Xmx/-Xms)
#   Decrease number of Java threads
#   Decrease Java thread stack sizes (-Xss)
#   Set larger code cache with -XX:ReservedCodeCacheSize=
#   JVM is running with Unscaled Compressed Oops mode in which the Java heap is
#     placed in the first 4GB address space. The Java Heap base address is the
#     maximum limit for the native heap growth. Please use -XX:HeapBaseMinAddress
#     to set the Java Heap base and to place the Java Heap above 4GB virtual address.
# This output file may be truncated or incomplete.
#
#  Out of Memory Error (arena.cpp:168), pid=17848, tid=4032
#
# JRE version: Java(TM) SE Runtime Environment (21.0.1+12) (build 21.0.1+12-LTS-29)
# Java VM: Java HotSpot(TM) 64-Bit Server VM (21.0.1+12-LTS-29, mixed mode, sharing, tiered, compressed oops, compressed class ptrs, g1 gc, windows-amd64)
# No core dump will be written. Minidumps are not enabled by default on client versions of Windows
#

---------------  S U M M A R Y ------------

Command Line: -javaagent:C:\Program Files\JetBrains\IntelliJ IDEA Community Edition 2023.3.2\lib\idea_rt.jar=60055:C:\Program Files\JetBrains\IntelliJ IDEA Community Edition 2023.3.2\bin -Dfile.encoding=UTF-8 -Dsun.stdout.encoding=UTF-8 -Dsun.stderr.encoding=UTF-8 com.example.CampusUtsav.CampusUtsavApplication

Host: 11th Gen Intel(R) Core(TM) i3-1115G4 @ 3.00GHz, 4 cores, 7G,  Windows 11 , 64 bit Build 26100 (10.0.26100.8246)
Time: Fri Apr 24 00:13:32 2026 India Standard Time elapsed time: 6071.923114 seconds (0d 1h 41m 11s)

---------------  T H R E A D  ---------------

Current thread (0x0000025ed140f570):  JavaThread "C2 CompilerThread0" daemon [_thread_in_native, id=4032, stack(0x0000009d52900000,0x0000009d52a00000) (1024K)]


Current CompileTask:
C2:6071925 11918       4       org.springframework.boot.devtools.filewatch.FileSystemWatcher$Watcher::isDifferent (105 bytes)

Stack: [0x0000009d52900000,0x0000009d52a00000]
Native frames: (J=compiled Java code, j=interpreted, Vv=VM code, C=native code)
V  [jvm.dll+0x6c9029]
V  [jvm.dll+0x854b81]
V  [jvm.dll+0x856e5e]
V  [jvm.dll+0x857543]
V  [jvm.dll+0x280c06]
V  [jvm.dll+0xc3ead]
V  [jvm.dll+0xc43c3]
V  [jvm.dll+0x3b576c]
V  [jvm.dll+0x382475]
V  [jvm.dll+0x3818ea]
V  [jvm.dll+0x249ad0]
V  [jvm.dll+0x2490b1]
V  [jvm.dll+0x1c9ca1]
V  [jvm.dll+0x2586b9]
V  [jvm.dll+0x256c9a]
V  [jvm.dll+0x3ef1b6]
V  [jvm.dll+0x7fd728]
V  [jvm.dll+0x6c777d]
C  [ucrtbase.dll+0x37b0]
C  [KERNEL32.DLL+0x2e8d7]
C  [ntdll.dll+0x8c3fc]


---------------  P R O C E S S  ---------------

Threads class SMR info:
_java_thread_list=0x0000025f1b5dc2f0, length=36, elements={
0x0000025ed13d4d50, 0x0000025ed13d6af0, 0x0000025ed13de310, 0x0000025ed13ff470,
0x0000025ed14002e0, 0x0000025ed1403c50, 0x0000025ed140f570, 0x0000025ed1414d20,
0x0000025ed16345c0, 0x0000025ed193e1d0, 0x0000025ed193e840, 0x0000025f19797360,
0x0000025f19796640, 0x0000025f19798710, 0x0000025f19818ad0, 0x0000025f19817db0,
0x0000025f19818440, 0x0000025f19819160, 0x0000025f198197f0, 0x0000025f19816a00,
0x0000025f19816370, 0x0000025f1981a510, 0x0000025f19819e80, 0x0000025f1981aba0,
0x0000025f19817720, 0x0000025f1981b8c0, 0x0000025f1981b230, 0x0000025f1981d990,
0x0000025f1981bf50, 0x0000025f1981c5e0, 0x0000025f1981cc70, 0x0000025f1981d300,
0x0000025f197979f0, 0x0000025f1b448550, 0x0000025f1b449270, 0x0000025f1b449900
}

Java Threads: ( => current thread )
  0x0000025ed13d4d50 JavaThread "Reference Handler"          daemon [_thread_blocked, id=12008, stack(0x0000009d52300000,0x0000009d52400000) (1024K)]
  0x0000025ed13d6af0 JavaThread "Finalizer"                  daemon [_thread_blocked, id=22124, stack(0x0000009d52400000,0x0000009d52500000) (1024K)]
  0x0000025ed13de310 JavaThread "Signal Dispatcher"          daemon [_thread_blocked, id=12952, stack(0x0000009d52500000,0x0000009d52600000) (1024K)]
  0x0000025ed13ff470 JavaThread "Attach Listener"            daemon [_thread_blocked, id=27112, stack(0x0000009d52600000,0x0000009d52700000) (1024K)]
  0x0000025ed14002e0 JavaThread "Service Thread"             daemon [_thread_blocked, id=18960, stack(0x0000009d52700000,0x0000009d52800000) (1024K)]
  0x0000025ed1403c50 JavaThread "Monitor Deflation Thread"   daemon [_thread_blocked, id=27356, stack(0x0000009d52800000,0x0000009d52900000) (1024K)]
=>0x0000025ed140f570 JavaThread "C2 CompilerThread0"         daemon [_thread_in_native, id=4032, stack(0x0000009d52900000,0x0000009d52a00000) (1024K)]
  0x0000025ed1414d20 JavaThread "C1 CompilerThread0"         daemon [_thread_blocked, id=22236, stack(0x0000009d52a00000,0x0000009d52b00000) (1024K)]
  0x0000025ed16345c0 JavaThread "Common-Cleaner"             daemon [_thread_blocked, id=20836, stack(0x0000009d52b00000,0x0000009d52c00000) (1024K)]
  0x0000025ed193e1d0 JavaThread "Monitor Ctrl-Break"         daemon [_thread_in_native, id=2624, stack(0x0000009d52d00000,0x0000009d52e00000) (1024K)]
  0x0000025ed193e840 JavaThread "Notification Thread"        daemon [_thread_blocked, id=27512, stack(0x0000009d52e00000,0x0000009d52f00000) (1024K)]
  0x0000025f19797360 JavaThread "HikariPool-1:housekeeper"   daemon [_thread_blocked, id=9036, stack(0x0000009d53600000,0x0000009d53700000) (1024K)]
  0x0000025f19796640 JavaThread "Catalina-utility-1"                [_thread_blocked, id=25176, stack(0x0000009d53800000,0x0000009d53900000) (1024K)]
  0x0000025f19798710 JavaThread "Catalina-utility-2"                [_thread_blocked, id=22268, stack(0x0000009d53900000,0x0000009d53a00000) (1024K)]
  0x0000025f19818ad0 JavaThread "container-0"                       [_thread_blocked, id=27888, stack(0x0000009d53a00000,0x0000009d53b00000) (1024K)]
  0x0000025f19817db0 JavaThread "reactor-http-nio-1"         daemon [_thread_in_native, id=16364, stack(0x0000009d53b00000,0x0000009d53c00000) (1024K)]
  0x0000025f19818440 JavaThread "reactor-http-nio-2"         daemon [_thread_in_native, id=26040, stack(0x0000009d53c00000,0x0000009d53d00000) (1024K)]
  0x0000025f19819160 JavaThread "reactor-http-nio-3"         daemon [_thread_in_native, id=21468, stack(0x0000009d53d00000,0x0000009d53e00000) (1024K)]
  0x0000025f198197f0 JavaThread "reactor-http-nio-4"         daemon [_thread_in_native, id=15844, stack(0x0000009d53e00000,0x0000009d53f00000) (1024K)]
  0x0000025f19816a00 JavaThread "Jndi-Dns-address-change-listener" daemon [_thread_in_native, id=18188, stack(0x0000009d53f00000,0x0000009d54000000) (1024K)]
  0x0000025f19816370 JavaThread "File Watcher"               daemon [_thread_blocked, id=18504, stack(0x0000009d53700000,0x0000009d53800000) (1024K)]
  0x0000025f1981a510 JavaThread "Live Reload Server"         daemon [_thread_in_native, id=19208, stack(0x0000009d54100000,0x0000009d54200000) (1024K)]
  0x0000025f19819e80 JavaThread "http-nio-8080-exec-1"       daemon [_thread_blocked, id=2124, stack(0x0000009d54000000,0x0000009d54100000) (1024K)]
  0x0000025f1981aba0 JavaThread "http-nio-8080-exec-2"       daemon [_thread_blocked, id=21000, stack(0x0000009d54200000,0x0000009d54300000) (1024K)]
  0x0000025f19817720 JavaThread "http-nio-8080-exec-3"       daemon [_thread_blocked, id=7676, stack(0x0000009d54300000,0x0000009d54400000) (1024K)]
  0x0000025f1981b8c0 JavaThread "http-nio-8080-exec-4"       daemon [_thread_blocked, id=636, stack(0x0000009d54400000,0x0000009d54500000) (1024K)]
  0x0000025f1981b230 JavaThread "http-nio-8080-exec-5"       daemon [_thread_blocked, id=26304, stack(0x0000009d54500000,0x0000009d54600000) (1024K)]
  0x0000025f1981d990 JavaThread "http-nio-8080-exec-6"       daemon [_thread_blocked, id=752, stack(0x0000009d54600000,0x0000009d54700000) (1024K)]
  0x0000025f1981bf50 JavaThread "http-nio-8080-exec-7"       daemon [_thread_blocked, id=6508, stack(0x0000009d54700000,0x0000009d54800000) (1024K)]
  0x0000025f1981c5e0 JavaThread "http-nio-8080-exec-8"       daemon [_thread_blocked, id=1852, stack(0x0000009d54800000,0x0000009d54900000) (1024K)]
  0x0000025f1981cc70 JavaThread "http-nio-8080-exec-9"       daemon [_thread_blocked, id=15612, stack(0x0000009d54900000,0x0000009d54a00000) (1024K)]
  0x0000025f1981d300 JavaThread "http-nio-8080-exec-10"      daemon [_thread_blocked, id=10580, stack(0x0000009d54a00000,0x0000009d54b00000) (1024K)]
  0x0000025f197979f0 JavaThread "http-nio-8080-Poller"       daemon [_thread_in_native, id=26280, stack(0x0000009d54b00000,0x0000009d54c00000) (1024K)]
  0x0000025f1b448550 JavaThread "http-nio-8080-Acceptor"     daemon [_thread_in_native, id=21240, stack(0x0000009d54c00000,0x0000009d54d00000) (1024K)]
  0x0000025f1b449270 JavaThread "DestroyJavaVM"                     [_thread_blocked, id=21640, stack(0x0000009d51b00000,0x0000009d51c00000) (1024K)]
  0x0000025f1b449900 JavaThread "PostgreSQL-JDBC-Cleaner"    daemon [_thread_blocked, id=8248, stack(0x0000009d51a00000,0x0000009d51b00000) (1024K)]
Total: 36

Other Threads:
  0x0000025ed13b1aa0 VMThread "VM Thread"                           [id=11292, stack(0x0000009d52200000,0x0000009d52300000) (1024K)]
  0x0000025ed139b480 WatcherThread "VM Periodic Task Thread"        [id=13600, stack(0x0000009d52100000,0x0000009d52200000) (1024K)]
  0x0000025eb351e630 WorkerThread "GC Thread#0"                     [id=21180, stack(0x0000009d51c00000,0x0000009d51d00000) (1024K)]
  0x0000025f17535a50 WorkerThread "GC Thread#1"                     [id=13656, stack(0x0000009d52f00000,0x0000009d53000000) (1024K)]
  0x0000025f17433450 WorkerThread "GC Thread#2"                     [id=8272, stack(0x0000009d53000000,0x0000009d53100000) (1024K)]
  0x0000025f1732ef40 WorkerThread "GC Thread#3"                     [id=9892, stack(0x0000009d53100000,0x0000009d53200000) (1024K)]
  0x0000025eb352fc50 ConcurrentGCThread "G1 Main Marker"            [id=8196, stack(0x0000009d51d00000,0x0000009d51e00000) (1024K)]
  0x0000025eb3530960 WorkerThread "G1 Conc#0"                       [id=23400, stack(0x0000009d51e00000,0x0000009d51f00000) (1024K)]
  0x0000025ed126d130 ConcurrentGCThread "G1 Refine#0"               [id=16036, stack(0x0000009d51f00000,0x0000009d52000000) (1024K)]
  0x0000025ed126f480 ConcurrentGCThread "G1 Service"                [id=21404, stack(0x0000009d52000000,0x0000009d52100000) (1024K)]
Total: 10

Threads with active compile tasks:
C2 CompilerThread0  6071969 11918       4       org.springframework.boot.devtools.filewatch.FileSystemWatcher$Watcher::isDifferent (105 bytes)
Total: 1

VM state: not at safepoint (normal execution)

VM Mutex/Monitor currently owned by a thread: None

Heap address: 0x0000000084200000, size: 1982 MB, Compressed Oops mode: 32-bit

CDS archive(s) mapped at: [0x0000025ed2000000-0x0000025ed2c90000-0x0000025ed2c90000), size 13172736, SharedBaseAddress: 0x0000025ed2000000, ArchiveRelocationMode: 1.
Compressed class space mapped at: 0x0000025ed3000000-0x0000025f13000000, reserved size: 1073741824
Narrow klass base: 0x0000025ed2000000, Narrow klass shift: 0, Narrow klass range: 0x100000000

GC Precious Log:
 CardTable entry size: 512
 Card Set container configuration: InlinePtr #cards 5 size 8 Array Of Cards #cards 12 size 40 Howl #buckets 4 coarsen threshold 1843 Howl Bitmap #cards 512 size 80 coarsen threshold 460 Card regions per heap region 1 cards per card region 2048
 CPUs: 4 total, 4 available
 Memory: 7926M
 Large Page Support: Disabled
 NUMA Support: Disabled
 Compressed Oops: Enabled (32-bit)
 Heap Region Size: 1M
 Heap Min Capacity: 8M
 Heap Initial Capacity: 124M
 Heap Max Capacity: 1982M
 Pre-touch: Disabled
 Parallel Workers: 4
 Concurrent Workers: 1
 Concurrent Refinement Workers: 4
 Periodic GC: Disabled

Heap:
 garbage-first heap   total 105472K, used 61850K [0x0000000084200000, 0x0000000100000000)
  region size 1024K, 20 young (20480K), 4 survivors (4096K)
 Metaspace       used 96174K, committed 97536K, reserved 1179648K
  class space    used 13051K, committed 13568K, reserved 1048576K

Heap Regions: E=young(eden), S=young(survivor), O=old, HS=humongous(starts), HC=humongous(continues), CS=collection set, F=free, TAMS=top-at-mark-start, PB=parsable bottom
|   0|0x0000000084200000, 0x0000000084300000, 0x0000000084300000|100%|HS|  |TAMS 0x0000000084200000| PB 0x0000000084200000| Complete 
|   1|0x0000000084300000, 0x0000000084400000, 0x0000000084400000|100%|HS|  |TAMS 0x0000000084300000| PB 0x0000000084300000| Complete 
|   2|0x0000000084400000, 0x0000000084500000, 0x0000000084500000|100%| O|  |TAMS 0x0000000084400000| PB 0x0000000084400000| Untracked 
|   3|0x0000000084500000, 0x0000000084600000, 0x0000000084600000|100%| O|  |TAMS 0x0000000084500000| PB 0x0000000084500000| Untracked 
|   4|0x0000000084600000, 0x0000000084700000, 0x0000000084700000|100%| O|  |TAMS 0x0000000084600000| PB 0x0000000084600000| Untracked 
|   5|0x0000000084700000, 0x0000000084800000, 0x0000000084800000|100%| O|  |TAMS 0x0000000084700000| PB 0x0000000084700000| Untracked 
|   6|0x0000000084800000, 0x0000000084900000, 0x0000000084900000|100%| O|  |TAMS 0x0000000084800000| PB 0x0000000084800000| Untracked 
|   7|0x0000000084900000, 0x0000000084a00000, 0x0000000084a00000|100%| O|  |TAMS 0x0000000084900000| PB 0x0000000084900000| Untracked 
|   8|0x0000000084a00000, 0x0000000084b00000, 0x0000000084b00000|100%| O|  |TAMS 0x0000000084a00000| PB 0x0000000084a00000| Untracked 
|   9|0x0000000084b00000, 0x0000000084c00000, 0x0000000084c00000|100%| O|  |TAMS 0x0000000084b00000| PB 0x0000000084b00000| Untracked 
|  10|0x0000000084c00000, 0x0000000084d00000, 0x0000000084d00000|100%| O|  |TAMS 0x0000000084c00000| PB 0x0000000084c00000| Untracked 
|  11|0x0000000084d00000, 0x0000000084e00000, 0x0000000084e00000|100%| O|  |TAMS 0x0000000084d00000| PB 0x0000000084d00000| Untracked 
|  12|0x0000000084e00000, 0x0000000084f00000, 0x0000000084f00000|100%| O|  |TAMS 0x0000000084e00000| PB 0x0000000084e00000| Untracked 
|  13|0x0000000084f00000, 0x0000000085000000, 0x0000000085000000|100%| O|  |TAMS 0x0000000084f00000| PB 0x0000000084f00000| Untracked 
|  14|0x0000000085000000, 0x0000000085100000, 0x0000000085100000|100%| O|  |TAMS 0x0000000085000000| PB 0x0000000085000000| Untracked 
|  15|0x0000000085100000, 0x0000000085200000, 0x0000000085200000|100%| O|  |TAMS 0x0000000085100000| PB 0x0000000085100000| Untracked 
|  16|0x0000000085200000, 0x0000000085200000, 0x0000000085300000|  0%| F|  |TAMS 0x0000000085200000| PB 0x0000000085200000| Untracked 
|  17|0x0000000085300000, 0x0000000085400000, 0x0000000085400000|100%| O|  |TAMS 0x0000000085300000| PB 0x0000000085300000| Untracked 
|  18|0x0000000085400000, 0x0000000085500000, 0x0000000085500000|100%| O|  |TAMS 0x0000000085400000| PB 0x0000000085400000| Untracked 
|  19|0x0000000085500000, 0x0000000085600000, 0x0000000085600000|100%| O|  |TAMS 0x0000000085500000| PB 0x0000000085500000| Untracked 
|  20|0x0000000085600000, 0x0000000085700000, 0x0000000085700000|100%| O|  |TAMS 0x0000000085600000| PB 0x0000000085600000| Untracked 
|  21|0x0000000085700000, 0x0000000085800000, 0x0000000085800000|100%| O|Cm|TAMS 0x0000000085700000| PB 0x0000000085700000| Complete 
|  22|0x0000000085800000, 0x0000000085900000, 0x0000000085900000|100%| O|Cm|TAMS 0x0000000085800000| PB 0x0000000085800000| Complete 
|  23|0x0000000085900000, 0x0000000085a00000, 0x0000000085a00000|100%| O|  |TAMS 0x0000000085900000| PB 0x0000000085900000| Untracked 
|  24|0x0000000085a00000, 0x0000000085b00000, 0x0000000085b00000|100%| O|Cm|TAMS 0x0000000085a00000| PB 0x0000000085a00000| Complete 
|  25|0x0000000085b00000, 0x0000000085c00000, 0x0000000085c00000|100%| O|  |TAMS 0x0000000085b00000| PB 0x0000000085b00000| Untracked 
|  26|0x0000000085c00000, 0x0000000085d00000, 0x0000000085d00000|100%| O|  |TAMS 0x0000000085c00000| PB 0x0000000085c00000| Untracked 
|  27|0x0000000085d00000, 0x0000000085e00000, 0x0000000085e00000|100%| O|  |TAMS 0x0000000085d00000| PB 0x0000000085d00000| Untracked 
|  28|0x0000000085e00000, 0x0000000085f00000, 0x0000000085f00000|100%| O|  |TAMS 0x0000000085e00000| PB 0x0000000085e00000| Untracked 
|  29|0x0000000085f00000, 0x0000000086000000, 0x0000000086000000|100%| O|Cm|TAMS 0x0000000085f00000| PB 0x0000000085f00000| Complete 
|  30|0x0000000086000000, 0x0000000086100000, 0x0000000086100000|100%| O|  |TAMS 0x0000000086000000| PB 0x0000000086000000| Untracked 
|  31|0x0000000086100000, 0x0000000086200000, 0x0000000086200000|100%| O|  |TAMS 0x0000000086100000| PB 0x0000000086100000| Untracked 
|  32|0x0000000086200000, 0x0000000086300000, 0x0000000086300000|100%| O|Cm|TAMS 0x0000000086200000| PB 0x0000000086200000| Complete 
|  33|0x0000000086300000, 0x0000000086300000, 0x0000000086400000|  0%| F|  |TAMS 0x0000000086300000| PB 0x0000000086300000| Untracked 
|  34|0x0000000086400000, 0x0000000086500000, 0x0000000086500000|100%| O|Cm|TAMS 0x0000000086400000| PB 0x0000000086400000| Complete 
|  35|0x0000000086500000, 0x0000000086600000, 0x0000000086600000|100%| O|  |TAMS 0x0000000086500000| PB 0x0000000086500000| Untracked 
|  36|0x0000000086600000, 0x0000000086600000, 0x0000000086700000|  0%| F|  |TAMS 0x0000000086600000| PB 0x0000000086600000| Untracked 
|  37|0x0000000086700000, 0x0000000086800000, 0x0000000086800000|100%| O|  |TAMS 0x0000000086700000| PB 0x0000000086700000| Untracked 
|  38|0x0000000086800000, 0x0000000086900000, 0x0000000086900000|100%| O|  |TAMS 0x0000000086800000| PB 0x0000000086800000| Untracked 
|  39|0x0000000086900000, 0x0000000086962b30, 0x0000000086a00000| 38%| O|  |TAMS 0x0000000086900000| PB 0x0000000086900000| Untracked 
|  40|0x0000000086a00000, 0x0000000086b00000, 0x0000000086b00000|100%| O|Cm|TAMS 0x0000000086a00000| PB 0x0000000086a00000| Complete 
|  41|0x0000000086b00000, 0x0000000086c00000, 0x0000000086c00000|100%| O|  |TAMS 0x0000000086b00000| PB 0x0000000086b00000| Untracked 
|  42|0x0000000086c00000, 0x0000000086d00000, 0x0000000086d00000|100%| O|Cm|TAMS 0x0000000086c00000| PB 0x0000000086c00000| Complete 
|  43|0x0000000086d00000, 0x0000000086d00000, 0x0000000086e00000|  0%| F|  |TAMS 0x0000000086d00000| PB 0x0000000086d00000| Untracked 
|  44|0x0000000086e00000, 0x0000000086e00000, 0x0000000086f00000|  0%| F|  |TAMS 0x0000000086e00000| PB 0x0000000086e00000| Untracked 
|  45|0x0000000086f00000, 0x0000000086f04010, 0x0000000087000000|  1%| S|CS|TAMS 0x0000000086f00000| PB 0x0000000086f00000| Complete 
|  46|0x0000000087000000, 0x0000000087100000, 0x0000000087100000|100%| O|  |TAMS 0x0000000087000000| PB 0x0000000087000000| Untracked 
|  47|0x0000000087100000, 0x0000000087200000, 0x0000000087200000|100%| O|  |TAMS 0x0000000087100000| PB 0x0000000087100000| Untracked 
|  48|0x0000000087200000, 0x0000000087300000, 0x0000000087300000|100%| S|CS|TAMS 0x0000000087200000| PB 0x0000000087200000| Complete 
|  49|0x0000000087300000, 0x0000000087300000, 0x0000000087400000|  0%| F|  |TAMS 0x0000000087300000| PB 0x0000000087300000| Untracked 
|  50|0x0000000087400000, 0x0000000087500000, 0x0000000087500000|100%| S|CS|TAMS 0x0000000087400000| PB 0x0000000087400000| Complete 
|  51|0x0000000087500000, 0x0000000087600000, 0x0000000087600000|100%| O|Cm|TAMS 0x0000000087500000| PB 0x0000000087500000| Complete 
|  52|0x0000000087600000, 0x0000000087700000, 0x0000000087700000|100%| S|CS|TAMS 0x0000000087600000| PB 0x0000000087600000| Complete 
|  53|0x0000000087700000, 0x0000000087700000, 0x0000000087800000|  0%| F|  |TAMS 0x0000000087700000| PB 0x0000000087700000| Untracked 
|  54|0x0000000087800000, 0x0000000087800000, 0x0000000087900000|  0%| F|  |TAMS 0x0000000087800000| PB 0x0000000087800000| Untracked 
|  55|0x0000000087900000, 0x0000000087900000, 0x0000000087a00000|  0%| F|  |TAMS 0x0000000087900000| PB 0x0000000087900000| Untracked 
|  56|0x0000000087a00000, 0x0000000087a00000, 0x0000000087b00000|  0%| F|  |TAMS 0x0000000087a00000| PB 0x0000000087a00000| Untracked 
|  57|0x0000000087b00000, 0x0000000087b00000, 0x0000000087c00000|  0%| F|  |TAMS 0x0000000087b00000| PB 0x0000000087b00000| Untracked 
|  58|0x0000000087c00000, 0x0000000087c00000, 0x0000000087d00000|  0%| F|  |TAMS 0x0000000087c00000| PB 0x0000000087c00000| Untracked 
|  59|0x0000000087d00000, 0x0000000087d00000, 0x0000000087e00000|  0%| F|  |TAMS 0x0000000087d00000| PB 0x0000000087d00000| Untracked 
|  60|0x0000000087e00000, 0x0000000087e00000, 0x0000000087f00000|  0%| F|  |TAMS 0x0000000087e00000| PB 0x0000000087e00000| Untracked 
|  61|0x0000000087f00000, 0x0000000087f00000, 0x0000000088000000|  0%| F|  |TAMS 0x0000000087f00000| PB 0x0000000087f00000| Untracked 
|  62|0x0000000088000000, 0x0000000088000000, 0x0000000088100000|  0%| F|  |TAMS 0x0000000088000000| PB 0x0000000088000000| Untracked 
|  63|0x0000000088100000, 0x0000000088100000, 0x0000000088200000|  0%| F|  |TAMS 0x0000000088100000| PB 0x0000000088100000| Untracked 
|  64|0x0000000088200000, 0x0000000088200000, 0x0000000088300000|  0%| F|  |TAMS 0x0000000088200000| PB 0x0000000088200000| Untracked 
|  65|0x0000000088300000, 0x0000000088300000, 0x0000000088400000|  0%| F|  |TAMS 0x0000000088300000| PB 0x0000000088300000| Untracked 
|  66|0x0000000088400000, 0x0000000088400000, 0x0000000088500000|  0%| F|  |TAMS 0x0000000088400000| PB 0x0000000088400000| Untracked 
|  67|0x0000000088500000, 0x0000000088500000, 0x0000000088600000|  0%| F|  |TAMS 0x0000000088500000| PB 0x0000000088500000| Untracked 
|  68|0x0000000088600000, 0x0000000088600000, 0x0000000088700000|  0%| F|  |TAMS 0x0000000088600000| PB 0x0000000088600000| Untracked 
|  69|0x0000000088700000, 0x0000000088700000, 0x0000000088800000|  0%| F|  |TAMS 0x0000000088700000| PB 0x0000000088700000| Untracked 
|  70|0x0000000088800000, 0x0000000088800000, 0x0000000088900000|  0%| F|  |TAMS 0x0000000088800000| PB 0x0000000088800000| Untracked 
|  71|0x0000000088900000, 0x0000000088900000, 0x0000000088a00000|  0%| F|  |TAMS 0x0000000088900000| PB 0x0000000088900000| Untracked 
|  72|0x0000000088a00000, 0x0000000088a00000, 0x0000000088b00000|  0%| F|  |TAMS 0x0000000088a00000| PB 0x0000000088a00000| Untracked 
|  73|0x0000000088b00000, 0x0000000088b00000, 0x0000000088c00000|  0%| F|  |TAMS 0x0000000088b00000| PB 0x0000000088b00000| Untracked 
|  74|0x0000000088c00000, 0x0000000088c00000, 0x0000000088d00000|  0%| F|  |TAMS 0x0000000088c00000| PB 0x0000000088c00000| Untracked 
|  75|0x0000000088d00000, 0x0000000088d00000, 0x0000000088e00000|  0%| F|  |TAMS 0x0000000088d00000| PB 0x0000000088d00000| Untracked 
|  76|0x0000000088e00000, 0x0000000088e00000, 0x0000000088f00000|  0%| F|  |TAMS 0x0000000088e00000| PB 0x0000000088e00000| Untracked 
|  77|0x0000000088f00000, 0x0000000088f00000, 0x0000000089000000|  0%| F|  |TAMS 0x0000000088f00000| PB 0x0000000088f00000| Untracked 
|  78|0x0000000089000000, 0x0000000089000000, 0x0000000089100000|  0%| F|  |TAMS 0x0000000089000000| PB 0x0000000089000000| Untracked 
|  79|0x0000000089100000, 0x0000000089100000, 0x0000000089200000|  0%| F|  |TAMS 0x0000000089100000| PB 0x0000000089100000| Untracked 
|  80|0x0000000089200000, 0x0000000089200000, 0x0000000089300000|  0%| F|  |TAMS 0x0000000089200000| PB 0x0000000089200000| Untracked 
|  81|0x0000000089300000, 0x0000000089300000, 0x0000000089400000|  0%| F|  |TAMS 0x0000000089300000| PB 0x0000000089300000| Untracked 
|  82|0x0000000089400000, 0x0000000089400000, 0x0000000089500000|  0%| F|  |TAMS 0x0000000089400000| PB 0x0000000089400000| Untracked 
|  83|0x0000000089500000, 0x0000000089500000, 0x0000000089600000|  0%| F|  |TAMS 0x0000000089500000| PB 0x0000000089500000| Untracked 
|  84|0x0000000089600000, 0x0000000089600000, 0x0000000089700000|  0%| F|  |TAMS 0x0000000089600000| PB 0x0000000089600000| Untracked 
|  85|0x0000000089700000, 0x0000000089700000, 0x0000000089800000|  0%| F|  |TAMS 0x0000000089700000| PB 0x0000000089700000| Untracked 
|  86|0x0000000089800000, 0x0000000089800000, 0x0000000089900000|  0%| F|  |TAMS 0x0000000089800000| PB 0x0000000089800000| Untracked 
|  87|0x0000000089900000, 0x0000000089980800, 0x0000000089a00000| 50%| E|  |TAMS 0x0000000089900000| PB 0x0000000089900000| Complete 
|  88|0x0000000089a00000, 0x0000000089b00000, 0x0000000089b00000|100%| E|CS|TAMS 0x0000000089a00000| PB 0x0000000089a00000| Complete 
|  89|0x0000000089b00000, 0x0000000089c00000, 0x0000000089c00000|100%| E|CS|TAMS 0x0000000089b00000| PB 0x0000000089b00000| Complete 
|  90|0x0000000089c00000, 0x0000000089d00000, 0x0000000089d00000|100%| E|CS|TAMS 0x0000000089c00000| PB 0x0000000089c00000| Complete 
|  91|0x0000000089d00000, 0x0000000089e00000, 0x0000000089e00000|100%| E|CS|TAMS 0x0000000089d00000| PB 0x0000000089d00000| Complete 
|  92|0x0000000089e00000, 0x0000000089f00000, 0x0000000089f00000|100%| E|CS|TAMS 0x0000000089e00000| PB 0x0000000089e00000| Complete 
|  93|0x0000000089f00000, 0x000000008a000000, 0x000000008a000000|100%| E|CS|TAMS 0x0000000089f00000| PB 0x0000000089f00000| Complete 
|  94|0x000000008a000000, 0x000000008a100000, 0x000000008a100000|100%| E|CS|TAMS 0x000000008a000000| PB 0x000000008a000000| Complete 
|  95|0x000000008a100000, 0x000000008a200000, 0x000000008a200000|100%| E|CS|TAMS 0x000000008a100000| PB 0x000000008a100000| Complete 
|  96|0x000000008a200000, 0x000000008a300000, 0x000000008a300000|100%| E|CS|TAMS 0x000000008a200000| PB 0x000000008a200000| Complete 
|  97|0x000000008a300000, 0x000000008a400000, 0x000000008a400000|100%| E|CS|TAMS 0x000000008a300000| PB 0x000000008a300000| Complete 
|  98|0x000000008a400000, 0x000000008a500000, 0x000000008a500000|100%| E|CS|TAMS 0x000000008a400000| PB 0x000000008a400000| Complete 
|  99|0x000000008a500000, 0x000000008a600000, 0x000000008a600000|100%| E|CS|TAMS 0x000000008a500000| PB 0x000000008a500000| Complete 
| 100|0x000000008a600000, 0x000000008a700000, 0x000000008a700000|100%| E|CS|TAMS 0x000000008a600000| PB 0x000000008a600000| Complete 
| 101|0x000000008a700000, 0x000000008a800000, 0x000000008a800000|100%| E|CS|TAMS 0x000000008a700000| PB 0x000000008a700000| Complete 
| 102|0x000000008a800000, 0x000000008a900000, 0x000000008a900000|100%| E|CS|TAMS 0x000000008a800000| PB 0x000000008a800000| Complete 

Card table byte_map: [0x0000025eccac0000,0x0000025eccea0000] _byte_map_base: 0x0000025ecc69f000

Marking Bits: (CMBitMap*) 0x0000025eb351ed30
 Bits: [0x0000025eccea0000, 0x0000025eced98000)

Polling page: 0x0000025eb3420000

Metaspace:

Usage:
  Non-class:     81.17 MB used.
      Class:     12.75 MB used.
       Both:     93.92 MB used.

Virtual space:
  Non-class space:      128.00 MB reserved,      82.00 MB ( 64%) committed,  2 nodes.
      Class space:        1.00 GB reserved,      13.25 MB (  1%) committed,  1 nodes.
             Both:        1.12 GB reserved,      95.25 MB (  8%) committed. 

Chunk freelists:
   Non-Class:  13.96 MB
       Class:  2.90 MB
        Both:  16.86 MB

MaxMetaspaceSize: unlimited
CompressedClassSpaceSize: 1.00 GB
Initial GC threshold: 21.00 MB
Current GC threshold: 158.75 MB
CDS: on
 - commit_granule_bytes: 65536.
 - commit_granule_words: 8192.
 - virtual_space_node_default_size: 8388608.
 - enlarge_chunks_in_place: 1.
 - use_allocation_guard: 0.


Internal statistics:

num_allocs_failed_limit: 6.
num_arena_births: 1312.
num_arena_deaths: 500.
num_vsnodes_births: 3.
num_vsnodes_deaths: 0.
num_space_committed: 1524.
num_space_uncommitted: 0.
num_chunks_returned_to_freelist: 583.
num_chunks_taken_from_freelist: 4854.
num_chunk_merges: 153.
num_chunk_splits: 3468.
num_chunks_enlarged: 2659.
num_inconsistent_stats: 0.

CodeHeap 'non-profiled nmethods': size=120000Kb used=3325Kb max_used=6473Kb free=116674Kb
 bounds [0x0000025ec4b90000, 0x0000025ec51f0000, 0x0000025ecc0c0000]
CodeHeap 'profiled nmethods': size=120000Kb used=8372Kb max_used=19829Kb free=111628Kb
 bounds [0x0000025ebd0c0000, 0x0000025ebe420000, 0x0000025ec45f0000]
CodeHeap 'non-nmethods': size=5760Kb used=2026Kb max_used=2060Kb free=3733Kb
 bounds [0x0000025ec45f0000, 0x0000025ec4860000, 0x0000025ec4b90000]
 total_blobs=5241 nmethods=4444 adapters=698
 compilation: enabled
              stopped_count=0, restarted_count=0
 full_count=0

Compilation events (20 events):
Event: 5917.144 Thread 0x0000025ed1414d20 nmethod 11908 0x0000025ebd363490 code [0x0000025ebd363640, 0x0000025ebd363850]
Event: 5948.799 Thread 0x0000025ed1414d20 11909   !   3       java.util.AbstractSet::equals (45 bytes)
Event: 5948.817 Thread 0x0000025ed1414d20 nmethod 11909 0x0000025ebd243b10 code [0x0000025ebd243d20, 0x0000025ebd244448]
Event: 5971.525 Thread 0x0000025ed140f570 11910   !   4       org.apache.tomcat.util.net.NioEndpoint$Poller::events (275 bytes)
Event: 5971.560 Thread 0x0000025ed140f570 nmethod 11910 0x0000025ec4f19290 code [0x0000025ec4f19560, 0x0000025ec4f19db0]
Event: 6009.781 Thread 0x0000025ed1414d20 11911       3       org.postgresql.jdbc.PgStatement$StatementResultHandler::handleCommandStatus (15 bytes)
Event: 6009.781 Thread 0x0000025ed1414d20 nmethod 11911 0x0000025ebd0c9390 code [0x0000025ebd0c9580, 0x0000025ebd0c9b48]
Event: 6009.781 Thread 0x0000025ed1414d20 11912       3       org.postgresql.jdbc.ResultWrapper::<init> (20 bytes)
Event: 6009.781 Thread 0x0000025ed1414d20 nmethod 11912 0x0000025ebd101890 code [0x0000025ebd101a40, 0x0000025ebd101bd8]
Event: 6014.088 Thread 0x0000025ed140f570 11913       4       org.springframework.boot.devtools.filewatch.DirectorySnapshot::collectFiles (99 bytes)
Event: 6014.528 Thread 0x0000025ed140f570 nmethod 11913 0x0000025ec4cc4c10 code [0x0000025ec4cc5160, 0x0000025ec4cc8f08]
Event: 6028.392 Thread 0x0000025ed1414d20 11914       3       com.zaxxer.hikari.pool.HikariPool$KeepaliveTask::run (112 bytes)
Event: 6028.396 Thread 0x0000025ed1414d20 nmethod 11914 0x0000025ebd0ed490 code [0x0000025ebd0ed720, 0x0000025ebd0ee130]
Event: 6030.663 Thread 0x0000025ed140f570 11915       4       java.util.concurrent.ThreadPoolExecutor::ensurePrestart (41 bytes)
Event: 6030.664 Thread 0x0000025ed140f570 nmethod 11915 0x0000025ec4bacb90 code [0x0000025ec4bacd20, 0x0000025ec4bace10]
Event: 6032.653 Thread 0x0000025ed140f570 11916       4       java.util.concurrent.ScheduledThreadPoolExecutor$DelayedWorkQueue::siftUp (64 bytes)
Event: 6032.667 Thread 0x0000025ed140f570 nmethod 11916 0x0000025ec4cac810 code [0x0000025ec4cac9e0, 0x0000025ec4cad118]
Event: 6070.659 Thread 0x0000025ed140f570 11917       4       java.util.concurrent.Executors$RunnableAdapter::call (14 bytes)
Event: 6070.660 Thread 0x0000025ed140f570 nmethod 11917 0x0000025ec4b97610 code [0x0000025ec4b977a0, 0x0000025ec4b97860]
Event: 6071.870 Thread 0x0000025ed140f570 11918       4       org.springframework.boot.devtools.filewatch.FileSystemWatcher$Watcher::isDifferent (105 bytes)

GC Heap History (20 events):
Event: 69.085 GC heap before
{Heap before GC invocations=31 (full 0):
 garbage-first heap   total 105472K, used 89760K [0x0000000084200000, 0x0000000100000000)
  region size 1024K, 51 young (52224K), 7 survivors (7168K)
 Metaspace       used 95983K, committed 96896K, reserved 1179648K
  class space    used 13159K, committed 13568K, reserved 1048576K
}
Event: 69.109 GC heap after
{Heap after GC invocations=32 (full 0):
 garbage-first heap   total 105472K, used 48558K [0x0000000084200000, 0x0000000100000000)
  region size 1024K, 3 young (3072K), 3 survivors (3072K)
 Metaspace       used 95983K, committed 96896K, reserved 1179648K
  class space    used 13159K, committed 13568K, reserved 1048576K
}
Event: 330.298 GC heap before
{Heap before GC invocations=33 (full 0):
 garbage-first heap   total 105472K, used 95662K [0x0000000084200000, 0x0000000100000000)
  region size 1024K, 49 young (50176K), 3 survivors (3072K)
 Metaspace       used 96240K, committed 97152K, reserved 1179648K
  class space    used 13162K, committed 13568K, reserved 1048576K
}
Event: 330.313 GC heap after
{Heap after GC invocations=34 (full 0):
 garbage-first heap   total 105472K, used 48361K [0x0000000084200000, 0x0000000100000000)
  region size 1024K, 3 young (3072K), 3 survivors (3072K)
 Metaspace       used 96240K, committed 97152K, reserved 1179648K
  class space    used 13162K, committed 13568K, reserved 1048576K
}
Event: 631.351 GC heap before
{Heap before GC invocations=34 (full 0):
 garbage-first heap   total 105472K, used 95465K [0x0000000084200000, 0x0000000100000000)
  region size 1024K, 49 young (50176K), 3 survivors (3072K)
 Metaspace       used 96269K, committed 97152K, reserved 1179648K
  class space    used 13163K, committed 13568K, reserved 1048576K
}
Event: 631.394 GC heap after
{Heap after GC invocations=35 (full 0):
 garbage-first heap   total 105472K, used 47341K [0x0000000084200000, 0x0000000100000000)
  region size 1024K, 3 young (3072K), 3 survivors (3072K)
 Metaspace       used 96269K, committed 97152K, reserved 1179648K
  class space    used 13163K, committed 13568K, reserved 1048576K
}
Event: 941.215 GC heap before
{Heap before GC invocations=35 (full 0):
 garbage-first heap   total 105472K, used 95469K [0x0000000084200000, 0x0000000100000000)
  region size 1024K, 50 young (51200K), 3 survivors (3072K)
 Metaspace       used 96296K, committed 97216K, reserved 1179648K
  class space    used 13163K, committed 13568K, reserved 1048576K
}
Event: 941.233 GC heap after
{Heap after GC invocations=36 (full 0):
 garbage-first heap   total 105472K, used 47363K [0x0000000084200000, 0x0000000100000000)
  region size 1024K, 3 young (3072K), 3 survivors (3072K)
 Metaspace       used 96296K, committed 97216K, reserved 1179648K
  class space    used 13163K, committed 13568K, reserved 1048576K
}
Event: 1254.635 GC heap before
{Heap before GC invocations=37 (full 0):
 garbage-first heap   total 105472K, used 95491K [0x0000000084200000, 0x0000000100000000)
  region size 1024K, 50 young (51200K), 3 survivors (3072K)
 Metaspace       used 96316K, committed 97216K, reserved 1179648K
  class space    used 13161K, committed 13568K, reserved 1048576K
}
Event: 1254.676 GC heap after
{Heap after GC invocations=38 (full 0):
 garbage-first heap   total 105472K, used 47402K [0x0000000084200000, 0x0000000100000000)
  region size 1024K, 3 young (3072K), 3 survivors (3072K)
 Metaspace       used 96316K, committed 97216K, reserved 1179648K
  class space    used 13161K, committed 13568K, reserved 1048576K
}
Event: 1558.934 GC heap before
{Heap before GC invocations=38 (full 0):
 garbage-first heap   total 105472K, used 95530K [0x0000000084200000, 0x0000000100000000)
  region size 1024K, 50 young (51200K), 3 survivors (3072K)
 Metaspace       used 96370K, committed 97280K, reserved 1179648K
  class space    used 13165K, committed 13568K, reserved 1048576K
}
Event: 1558.970 GC heap after
{Heap after GC invocations=39 (full 0):
 garbage-first heap   total 105472K, used 46918K [0x0000000084200000, 0x0000000100000000)
  region size 1024K, 3 young (3072K), 3 survivors (3072K)
 Metaspace       used 96370K, committed 97280K, reserved 1179648K
  class space    used 13165K, committed 13568K, reserved 1048576K
}
Event: 1842.344 GC heap before
{Heap before GC invocations=39 (full 0):
 garbage-first heap   total 105472K, used 96070K [0x0000000084200000, 0x0000000100000000)
  region size 1024K, 51 young (52224K), 3 survivors (3072K)
 Metaspace       used 96473K, committed 97344K, reserved 1179648K
  class space    used 13165K, committed 13568K, reserved 1048576K
}
Event: 1842.359 GC heap after
{Heap after GC invocations=40 (full 0):
 garbage-first heap   total 105472K, used 47479K [0x0000000084200000, 0x0000000100000000)
  region size 1024K, 4 young (4096K), 4 survivors (4096K)
 Metaspace       used 96473K, committed 97344K, reserved 1179648K
  class space    used 13165K, committed 13568K, reserved 1048576K
}
Event: 2149.655 GC heap before
{Heap before GC invocations=41 (full 0):
 garbage-first heap   total 105472K, used 94583K [0x0000000084200000, 0x0000000100000000)
  region size 1024K, 50 young (51200K), 4 survivors (4096K)
 Metaspace       used 96479K, committed 97344K, reserved 1179648K
  class space    used 13165K, committed 13568K, reserved 1048576K
}
Event: 2149.702 GC heap after
{Heap after GC invocations=42 (full 0):
 garbage-first heap   total 105472K, used 47406K [0x0000000084200000, 0x0000000100000000)
  region size 1024K, 4 young (4096K), 4 survivors (4096K)
 Metaspace       used 96479K, committed 97344K, reserved 1179648K
  class space    used 13165K, committed 13568K, reserved 1048576K
}
Event: 5674.987 GC heap before
{Heap before GC invocations=42 (full 0):
 garbage-first heap   total 105472K, used 94510K [0x0000000084200000, 0x0000000100000000)
  region size 1024K, 50 young (51200K), 4 survivors (4096K)
 Metaspace       used 96528K, committed 97408K, reserved 1179648K
  class space    used 13173K, committed 13568K, reserved 1048576K
}
Event: 5675.040 GC heap after
{Heap after GC invocations=43 (full 0):
 garbage-first heap   total 105472K, used 45605K [0x0000000084200000, 0x0000000100000000)
  region size 1024K, 3 young (3072K), 3 survivors (3072K)
 Metaspace       used 96528K, committed 97408K, reserved 1179648K
  class space    used 13173K, committed 13568K, reserved 1048576K
}
Event: 5971.271 GC heap before
{Heap before GC invocations=43 (full 0):
 garbage-first heap   total 105472K, used 94757K [0x0000000084200000, 0x0000000100000000)
  region size 1024K, 51 young (52224K), 3 survivors (3072K)
 Metaspace       used 96622K, committed 97536K, reserved 1179648K
  class space    used 13173K, committed 13568K, reserved 1048576K
}
Event: 5971.520 GC heap after
{Heap after GC invocations=44 (full 0):
 garbage-first heap   total 105472K, used 46490K [0x0000000084200000, 0x0000000100000000)
  region size 1024K, 4 young (4096K), 4 survivors (4096K)
 Metaspace       used 96622K, committed 97536K, reserved 1179648K
  class space    used 13173K, committed 13568K, reserved 1048576K
}

Dll operation events (13 events):
Event: 0.014 Loaded shared library C:\Program Files\Java\jdk-21\bin\java.dll
Event: 0.073 Loaded shared library C:\Program Files\Java\jdk-21\bin\jsvml.dll
Event: 0.227 Loaded shared library C:\Program Files\Java\jdk-21\bin\zip.dll
Event: 0.231 Loaded shared library C:\Program Files\Java\jdk-21\bin\instrument.dll
Event: 0.239 Loaded shared library C:\Program Files\Java\jdk-21\bin\net.dll
Event: 0.241 Loaded shared library C:\Program Files\Java\jdk-21\bin\nio.dll
Event: 0.245 Loaded shared library C:\Program Files\Java\jdk-21\bin\zip.dll
Event: 0.500 Loaded shared library C:\Program Files\JetBrains\IntelliJ IDEA Community Edition 2023.3.2\bin\breakgen64.dll
Event: 0.513 Loaded shared library C:\Program Files\Java\jdk-21\bin\extnet.dll
Event: 0.560 Loaded shared library C:\Program Files\Java\jdk-21\bin\jimage.dll
Event: 0.866 Loaded shared library C:\Program Files\Java\jdk-21\bin\management.dll
Event: 0.872 Loaded shared library C:\Program Files\Java\jdk-21\bin\management_ext.dll
Event: 2.590 Loaded shared library C:\Program Files\Java\jdk-21\bin\sunmscapi.dll

Deoptimization events (20 events):
Event: 5694.670 Thread 0x0000025f1b448be0 DEOPT PACKING pc=0x0000025ebd35334b sp=0x0000009d519fde80
Event: 5694.670 Thread 0x0000025f1b448be0 DEOPT UNPACKING pc=0x0000025ec46488e2 sp=0x0000009d519fd2f0 mode 0
Event: 5694.670 Thread 0x0000025f1b448be0 DEOPT PACKING pc=0x0000025ebdc41764 sp=0x0000009d519fdf80
Event: 5694.670 Thread 0x0000025f1b448be0 DEOPT UNPACKING pc=0x0000025ec46488e2 sp=0x0000009d519fd400 mode 0
Event: 5905.838 Thread 0x0000025f19816370 Uncommon trap: trap_request=0xffffff45 fr.pc=0x0000025ec5048738 relative=0x0000000000003758
Event: 5905.843 Thread 0x0000025f19816370 Uncommon trap: reason=unstable_if action=reinterpret pc=0x0000025ec5048738 method=java.io.File.normalizedList()[Ljava/lang/String; @ 34 c2
Event: 5905.852 Thread 0x0000025f19816370 DEOPT PACKING pc=0x0000025ec5048738 sp=0x0000009d537feee0
Event: 5905.853 Thread 0x0000025f19816370 DEOPT UNPACKING pc=0x0000025ec4647da2 sp=0x0000009d537fede0 mode 2
Event: 5906.266 Thread 0x0000025f19816370 Uncommon trap: trap_request=0xffffff45 fr.pc=0x0000025ec4ba1bc4 relative=0x0000000000000244
Event: 5906.267 Thread 0x0000025f19816370 Uncommon trap: reason=unstable_if action=reinterpret pc=0x0000025ec4ba1bc4 method=java.util.AbstractSet.equals(Ljava/lang/Object;)Z @ 31 c2
Event: 5906.267 Thread 0x0000025f19816370 DEOPT PACKING pc=0x0000025ec4ba1bc4 sp=0x0000009d537fef60
Event: 5906.267 Thread 0x0000025f19816370 DEOPT UNPACKING pc=0x0000025ec4647da2 sp=0x0000009d537feee8 mode 2
Event: 5906.731 Thread 0x0000025f19816370 Uncommon trap: trap_request=0xffffffc6 fr.pc=0x0000025ec4ea64f8 relative=0x0000000000000dd8
Event: 5906.731 Thread 0x0000025f19816370 Uncommon trap: reason=bimorphic_or_optimized_type_check action=maybe_recompile pc=0x0000025ec4ea64f8 method=java.util.AbstractCollection.containsAll(Ljava/util/Collection;)Z @ 25 c2
Event: 5906.731 Thread 0x0000025f19816370 DEOPT PACKING pc=0x0000025ec4ea64f8 sp=0x0000009d537fefc0
Event: 5906.731 Thread 0x0000025f19816370 DEOPT UNPACKING pc=0x0000025ec4647da2 sp=0x0000009d537fef88 mode 2
Event: 5907.163 Thread 0x0000025f19816370 Uncommon trap: trap_request=0xffffffc6 fr.pc=0x0000025ec4ea64f8 relative=0x0000000000000dd8
Event: 5907.163 Thread 0x0000025f19816370 Uncommon trap: reason=bimorphic_or_optimized_type_check action=maybe_recompile pc=0x0000025ec4ea64f8 method=java.util.AbstractCollection.containsAll(Ljava/util/Collection;)Z @ 25 c2
Event: 5907.163 Thread 0x0000025f19816370 DEOPT PACKING pc=0x0000025ec4ea64f8 sp=0x0000009d537fefc0
Event: 5907.163 Thread 0x0000025f19816370 DEOPT UNPACKING pc=0x0000025ec4647da2 sp=0x0000009d537fef88 mode 2

Classes loaded (20 events):
Event: 20.741 Loading class java/util/stream/DoubleStream
Event: 20.743 Loading class java/util/stream/DoubleStream done
Event: 20.743 Loading class java/util/stream/LongStream
Event: 20.743 Loading class java/util/stream/LongStream done
Event: 20.775 Loading class org/w3c/dom/Node
Event: 20.775 Loading class org/w3c/dom/Node done
Event: 20.775 Loading class org/w3c/dom/Document
Event: 20.776 Loading class org/w3c/dom/Document done
Event: 23.727 Loading class java/io/PushbackInputStream
Event: 23.733 Loading class java/io/PushbackInputStream done
Event: 1400.373 Loading class sun/security/ssl/Alert
Event: 1400.392 Loading class sun/security/ssl/Alert done
Event: 1400.398 Loading class sun/security/ssl/Alert$AlertConsumer
Event: 1400.407 Loading class sun/security/ssl/Alert$AlertConsumer done
Event: 1400.407 Loading class sun/security/ssl/Alert$Level
Event: 1400.409 Loading class sun/security/ssl/Alert$Level done
Event: 4747.345 Loading class javax/net/ssl/SSLHandshakeException
Event: 4747.462 Loading class javax/net/ssl/SSLHandshakeException done
Event: 4747.556 Loading class sun/net/ConnectionResetException
Event: 4747.585 Loading class sun/net/ConnectionResetException done

Classes unloaded (20 events):
Event: 5972.612 Thread 0x0000025ed13b1aa0 Unloading class 0x0000025ed3095000 'java/lang/invoke/LambdaForm$MH+0x0000025ed3095000'
Event: 5972.612 Thread 0x0000025ed13b1aa0 Unloading class 0x0000025ed3094800 'java/lang/invoke/LambdaForm$MH+0x0000025ed3094800'
Event: 5972.613 Thread 0x0000025ed13b1aa0 Unloading class 0x0000025ed301b400 'java/lang/invoke/LambdaForm$MH+0x0000025ed301b400'
Event: 5972.613 Thread 0x0000025ed13b1aa0 Unloading class 0x0000025ed301ac00 'java/lang/invoke/LambdaForm$MH+0x0000025ed301ac00'
Event: 5972.613 Thread 0x0000025ed13b1aa0 Unloading class 0x0000025ed301a400 'java/lang/invoke/LambdaForm$MH+0x0000025ed301a400'
Event: 5972.613 Thread 0x0000025ed13b1aa0 Unloading class 0x0000025ed301a000 'java/lang/invoke/LambdaForm$MH+0x0000025ed301a000'
Event: 5972.613 Thread 0x0000025ed13b1aa0 Unloading class 0x0000025ed3019000 'java/lang/invoke/LambdaForm$MH+0x0000025ed3019000'
Event: 5972.613 Thread 0x0000025ed13b1aa0 Unloading class 0x0000025ed3018400 'java/lang/invoke/LambdaForm$MH+0x0000025ed3018400'
Event: 5972.613 Thread 0x0000025ed13b1aa0 Unloading class 0x0000025ed3018000 'java/lang/invoke/LambdaForm$MH+0x0000025ed3018000'
Event: 5972.613 Thread 0x0000025ed13b1aa0 Unloading class 0x0000025ed3017800 'java/lang/invoke/LambdaForm$MH+0x0000025ed3017800'
Event: 5972.613 Thread 0x0000025ed13b1aa0 Unloading class 0x0000025ed3017400 'java/lang/invoke/LambdaForm$MH+0x0000025ed3017400'
Event: 5972.613 Thread 0x0000025ed13b1aa0 Unloading class 0x0000025ed3017000 'java/lang/invoke/LambdaForm$MH+0x0000025ed3017000'
Event: 5972.613 Thread 0x0000025ed13b1aa0 Unloading class 0x0000025ed3016400 'java/lang/invoke/LambdaForm$MH+0x0000025ed3016400'
Event: 5972.613 Thread 0x0000025ed13b1aa0 Unloading class 0x0000025ed3015400 'java/lang/invoke/LambdaForm$MH+0x0000025ed3015400'
Event: 5972.613 Thread 0x0000025ed13b1aa0 Unloading class 0x0000025ed3014800 'java/lang/invoke/LambdaForm$MH+0x0000025ed3014800'
Event: 5972.613 Thread 0x0000025ed13b1aa0 Unloading class 0x0000025ed3014000 'java/lang/invoke/LambdaForm$MH+0x0000025ed3014000'
Event: 5972.613 Thread 0x0000025ed13b1aa0 Unloading class 0x0000025ed3002400 'java/lang/invoke/LambdaForm$MH+0x0000025ed3002400'
Event: 5972.613 Thread 0x0000025ed13b1aa0 Unloading class 0x0000025ed3002000 'java/lang/invoke/LambdaForm$MH+0x0000025ed3002000'
Event: 5972.613 Thread 0x0000025ed13b1aa0 Unloading class 0x0000025ed3001c00 'java/lang/invoke/LambdaForm$MH+0x0000025ed3001c00'
Event: 5972.613 Thread 0x0000025ed13b1aa0 Unloading class 0x0000025ed3001400 'java/lang/invoke/LambdaForm$MH+0x0000025ed3001400'

Classes redefined (0 events):
No events

Internal exceptions (20 events):
Event: 4748.142 Thread 0x0000025f19797360 Exception <a 'java/io/IOException'{0x0000000087df2e78}: Connection reset by peer> (0x0000000087df2e78) 
thrown [s\open\src\hotspot\share\prims\jni.cpp, line 539]
Event: 4748.142 Thread 0x0000025f19797360 Exception <a 'java/io/IOException'{0x0000000087df43d0}: Connection reset by peer> (0x0000000087df43d0) 
thrown [s\open\src\hotspot\share\prims\jni.cpp, line 539]
Event: 4748.142 Thread 0x0000025f19797360 Exception <a 'java/io/IOException'{0x0000000087df5900}: Connection reset by peer> (0x0000000087df5900) 
thrown [s\open\src\hotspot\share\prims\jni.cpp, line 539]
Event: 4748.142 Thread 0x0000025f19797360 Exception <a 'sun/net/ConnectionResetException'{0x0000000087df6690}: Connection reset> (0x0000000087df6690) 
thrown [s\open\src\hotspot\share\prims\jni.cpp, line 539]
Event: 4748.145 Thread 0x0000025f19797360 Exception <a 'java/io/IOException'{0x0000000087dfa210}: Connection reset by peer> (0x0000000087dfa210) 
thrown [s\open\src\hotspot\share\prims\jni.cpp, line 539]
Event: 4748.147 Thread 0x0000025f19797360 Exception <a 'java/io/IOException'{0x0000000087dfb4a8}: Connection reset by peer> (0x0000000087dfb4a8) 
thrown [s\open\src\hotspot\share\prims\jni.cpp, line 539]
Event: 4748.147 Thread 0x0000025f19797360 Exception <a 'java/io/IOException'{0x0000000087dfca18}: Connection reset by peer> (0x0000000087dfca18) 
thrown [s\open\src\hotspot\share\prims\jni.cpp, line 539]
Event: 4748.147 Thread 0x0000025f19797360 Exception <a 'sun/net/ConnectionResetException'{0x0000000087dfd7a8}: Connection reset> (0x0000000087dfd7a8) 
thrown [s\open\src\hotspot\share\prims\jni.cpp, line 539]
Event: 4748.149 Thread 0x0000025f19797360 Exception <a 'java/io/IOException'{0x0000000087c015d8}: Connection reset by peer> (0x0000000087c015d8) 
thrown [s\open\src\hotspot\share\prims\jni.cpp, line 539]
Event: 4748.149 Thread 0x0000025f19797360 Exception <a 'java/io/IOException'{0x0000000087c02ab0}: Connection reset by peer> (0x0000000087c02ab0) 
thrown [s\open\src\hotspot\share\prims\jni.cpp, line 539]
Event: 4748.149 Thread 0x0000025f19797360 Exception <a 'java/io/IOException'{0x0000000087c03d78}: Connection reset by peer> (0x0000000087c03d78) 
thrown [s\open\src\hotspot\share\prims\jni.cpp, line 539]
Event: 4748.149 Thread 0x0000025f19797360 Exception <a 'sun/net/ConnectionResetException'{0x0000000087c04d68}: Connection reset> (0x0000000087c04d68) 
thrown [s\open\src\hotspot\share\prims\jni.cpp, line 539]
Event: 4748.156 Thread 0x0000025f19797360 Exception <a 'java/io/IOException'{0x0000000087c08600}: Connection reset by peer> (0x0000000087c08600) 
thrown [s\open\src\hotspot\share\prims\jni.cpp, line 539]
Event: 4748.156 Thread 0x0000025f19797360 Exception <a 'java/io/IOException'{0x0000000087c09af8}: Connection reset by peer> (0x0000000087c09af8) 
thrown [s\open\src\hotspot\share\prims\jni.cpp, line 539]
Event: 4748.156 Thread 0x0000025f19797360 Exception <a 'java/io/IOException'{0x0000000087c0b010}: Connection reset by peer> (0x0000000087c0b010) 
thrown [s\open\src\hotspot\share\prims\jni.cpp, line 539]
Event: 4748.156 Thread 0x0000025f19797360 Exception <a 'sun/net/ConnectionResetException'{0x0000000087c0bda0}: Connection reset> (0x0000000087c0bda0) 
thrown [s\open\src\hotspot\share\prims\jni.cpp, line 539]
Event: 5564.773 Thread 0x0000025f1b448be0 Exception <a 'java/net/UnknownHostException'{0x0000000087dca128}> (0x0000000087dca128) 
thrown [s\open\src\hotspot\share\prims\jni.cpp, line 520]
Event: 5671.203 Thread 0x0000025f1b448be0 Exception <a 'java/net/UnknownHostException'{0x0000000087cbce98}> (0x0000000087cbce98) 
thrown [s\open\src\hotspot\share\prims\jni.cpp, line 520]
Event: 5681.232 Thread 0x0000025f1b448be0 Exception <a 'java/net/UnknownHostException'{0x000000008a89f958}> (0x000000008a89f958) 
thrown [s\open\src\hotspot\share\prims\jni.cpp, line 520]
Event: 5905.829 Thread 0x0000025f19816370 Implicit null exception at 0x0000025ec50451df to 0x0000025ec504870c

ZGC Phase Switch (0 events):
No events

VM Operations (20 events):
Event: 5695.206 Executing VM operation: Cleanup
Event: 5695.206 Executing VM operation: Cleanup done
Event: 5696.206 Executing VM operation: Cleanup
Event: 5696.206 Executing VM operation: Cleanup done
Event: 5906.283 Executing VM operation: Cleanup
Event: 5906.287 Executing VM operation: Cleanup done
Event: 5907.288 Executing VM operation: Cleanup
Event: 5907.288 Executing VM operation: Cleanup done
Event: 5950.698 Executing VM operation: Cleanup
Event: 5950.698 Executing VM operation: Cleanup done
Event: 5971.202 Executing VM operation: G1CollectForAllocation (G1 Evacuation Pause)
Event: 5971.520 Executing VM operation: G1CollectForAllocation (G1 Evacuation Pause) done
Event: 5972.309 Executing VM operation: G1PauseRemark
Event: 5975.416 Executing VM operation: G1PauseRemark done
Event: 5976.002 Executing VM operation: G1PauseCleanup
Event: 5976.002 Executing VM operation: G1PauseCleanup done
Event: 5988.077 Executing VM operation: Cleanup
Event: 5988.077 Executing VM operation: Cleanup done
Event: 6011.188 Executing VM operation: Cleanup
Event: 6011.188 Executing VM operation: Cleanup done

Events (20 events):
Event: 5975.272 Thread 0x0000025ed13b1aa0 flushing nmethod 0x0000025ec4bab010
Event: 5975.272 Thread 0x0000025ed13b1aa0 flushing nmethod 0x0000025ec4baa910
Event: 5975.272 Thread 0x0000025ed13b1aa0 flushing nmethod 0x0000025ec4baa610
Event: 5975.272 Thread 0x0000025ed13b1aa0 flushing nmethod 0x0000025ec4b9e810
Event: 5975.272 Thread 0x0000025ed13b1aa0 flushing nmethod 0x0000025ec4b9d310
Event: 5975.272 Thread 0x0000025ed13b1aa0 flushing nmethod 0x0000025ec4b9d010
Event: 5975.272 Thread 0x0000025ed13b1aa0 flushing nmethod 0x0000025ec4b9cd10
Event: 5975.272 Thread 0x0000025ed13b1aa0 flushing nmethod 0x0000025ec4b9ca10
Event: 5975.272 Thread 0x0000025ed13b1aa0 flushing nmethod 0x0000025ec4b9f410
Event: 5975.272 Thread 0x0000025ed13b1aa0 flushing nmethod 0x0000025ec4b9a710
Event: 5975.272 Thread 0x0000025ed13b1aa0 flushing nmethod 0x0000025ec4b99e10
Event: 5975.272 Thread 0x0000025ed13b1aa0 flushing nmethod 0x0000025ec4b9bc90
Event: 5975.272 Thread 0x0000025ed13b1aa0 flushing nmethod 0x0000025ec4b9b990
Event: 5975.272 Thread 0x0000025ed13b1aa0 flushing nmethod 0x0000025ec4b98f10
Event: 5975.272 Thread 0x0000025ed13b1aa0 flushing nmethod 0x0000025ec4b97610
Event: 5975.272 Thread 0x0000025ed13b1aa0 flushing nmethod 0x0000025ec4b91890
Event: 5975.272 Thread 0x0000025ed13b1aa0 flushing nmethod 0x0000025ec4b91490
Event: 5975.272 Thread 0x0000025ed13b1aa0 flushing nmethod 0x0000025ec4b91190
Event: 5975.272 Thread 0x0000025ed13b1aa0 flushing nmethod 0x0000025ec4b90a10
Event: 5975.272 Thread 0x0000025ed13b1aa0 flushing nmethod 0x0000025ec4b90710


Dynamic libraries:
0x00007ff6d6160000 - 0x00007ff6d6170000 	C:\Program Files\Java\jdk-21\bin\java.exe
0x00007ffda6980000 - 0x00007ffda6be7000 	C:\WINDOWS\SYSTEM32\ntdll.dll
0x00007ffda5bc0000 - 0x00007ffda5c89000 	C:\WINDOWS\System32\KERNEL32.DLL
0x00007ffda36b0000 - 0x00007ffda3aa4000 	C:\WINDOWS\System32\KERNELBASE.dll
0x00007ffda45c0000 - 0x00007ffda470b000 	C:\WINDOWS\System32\ucrtbase.dll
0x00007ffd6a320000 - 0x00007ffd6a339000 	C:\Program Files\Java\jdk-21\bin\jli.dll
0x00007ffda48f0000 - 0x00007ffda49a6000 	C:\WINDOWS\System32\ADVAPI32.dll
0x00007ffd6a0e0000 - 0x00007ffd6a0fb000 	C:\Program Files\Java\jdk-21\bin\VCRUNTIME140.dll
0x00007ffda6800000 - 0x00007ffda68a9000 	C:\WINDOWS\System32\msvcrt.dll
0x00007ffda4e10000 - 0x00007ffda4eb7000 	C:\WINDOWS\System32\sechost.dll
0x00007ffda49c0000 - 0x00007ffda4ad8000 	C:\WINDOWS\System32\RPCRT4.dll
0x00007ffda4be0000 - 0x00007ffda4da5000 	C:\WINDOWS\System32\USER32.dll
0x00007ffda4450000 - 0x00007ffda4477000 	C:\WINDOWS\System32\win32u.dll
0x00007ffda5d80000 - 0x00007ffda5dab000 	C:\WINDOWS\System32\GDI32.dll
0x00007ffda3ab0000 - 0x00007ffda3bdb000 	C:\WINDOWS\System32\gdi32full.dll
0x00007ffda4510000 - 0x00007ffda45b3000 	C:\WINDOWS\System32\msvcp_win.dll
0x00007ffd89c80000 - 0x00007ffd89f13000 	C:\WINDOWS\WinSxS\amd64_microsoft.windows.common-controls_6595b64144ccf1df_6.0.26100.8115_none_3e075c82e3354f9c\COMCTL32.dll
0x00007ffd94720000 - 0x00007ffd9472b000 	C:\WINDOWS\SYSTEM32\VERSION.dll
0x00007ffda5d40000 - 0x00007ffda5d72000 	C:\WINDOWS\System32\IMM32.DLL
0x00007ffd79330000 - 0x00007ffd7933c000 	C:\Program Files\Java\jdk-21\bin\vcruntime140_1.dll
0x00007ffd5a4d0000 - 0x00007ffd5a55e000 	C:\Program Files\Java\jdk-21\bin\msvcp140.dll
0x00007ffd219c0000 - 0x00007ffd226d5000 	C:\Program Files\Java\jdk-21\bin\server\jvm.dll
0x00007ffda5b30000 - 0x00007ffda5bb0000 	C:\WINDOWS\System32\WS2_32.dll
0x00007ffda30b0000 - 0x00007ffda310e000 	C:\WINDOWS\SYSTEM32\POWRPROF.dll
0x00007ffd9c340000 - 0x00007ffd9c376000 	C:\WINDOWS\SYSTEM32\WINMM.dll
0x00007ffda3090000 - 0x00007ffda30a4000 	C:\WINDOWS\SYSTEM32\UMPDC.dll
0x00007ffda1fe0000 - 0x00007ffda1ffb000 	C:\WINDOWS\SYSTEM32\kernel.appcore.dll
0x00007ffd785d0000 - 0x00007ffd785da000 	C:\Program Files\Java\jdk-21\bin\jimage.dll
0x00007ffda09f0000 - 0x00007ffda0c32000 	C:\WINDOWS\SYSTEM32\DBGHELP.DLL
0x00007ffda5db0000 - 0x00007ffda6132000 	C:\WINDOWS\System32\combase.dll
0x00007ffda4af0000 - 0x00007ffda4bc8000 	C:\WINDOWS\System32\OLEAUT32.dll
0x00007ffd81b30000 - 0x00007ffd81b6b000 	C:\WINDOWS\SYSTEM32\dbgcore.DLL
0x00007ffda3600000 - 0x00007ffda36a5000 	C:\WINDOWS\System32\bcryptPrimitives.dll
0x00007ffda0690000 - 0x00007ffda069f000 	C:\Program Files\Java\jdk-21\bin\instrument.dll
0x00007ffd68210000 - 0x00007ffd6822f000 	C:\Program Files\Java\jdk-21\bin\java.dll
0x00007ffda53c0000 - 0x00007ffda5b27000 	C:\WINDOWS\System32\SHELL32.dll
0x00007ffda3310000 - 0x00007ffda347a000 	C:\WINDOWS\System32\wintypes.dll
0x00007ffda3be0000 - 0x00007ffda4448000 	C:\WINDOWS\System32\windows.storage.dll
0x00007ffda5180000 - 0x00007ffda5278000 	C:\WINDOWS\System32\SHCORE.dll
0x00007ffda5350000 - 0x00007ffda53b6000 	C:\WINDOWS\System32\shlwapi.dll
0x00007ffda3170000 - 0x00007ffda3199000 	C:\WINDOWS\SYSTEM32\profapi.dll
0x00007ffd47b00000 - 0x00007ffd47bd7000 	C:\Program Files\Java\jdk-21\bin\jsvml.dll
0x00007ffd6d5e0000 - 0x00007ffd6d5f8000 	C:\Program Files\Java\jdk-21\bin\zip.dll
0x00007ffd78050000 - 0x00007ffd78060000 	C:\Program Files\Java\jdk-21\bin\net.dll
0x00007ffd964b0000 - 0x00007ffd965dd000 	C:\WINDOWS\SYSTEM32\WINHTTP.dll
0x00007ffda2550000 - 0x00007ffda25bc000 	C:\WINDOWS\system32\mswsock.dll
0x00007ffd86000000 - 0x00007ffd86016000 	C:\Program Files\Java\jdk-21\bin\nio.dll
0x00007ffd95d30000 - 0x00007ffd95d4a000 	C:\Program Files\JetBrains\IntelliJ IDEA Community Edition 2023.3.2\bin\breakgen64.dll
0x00007ffd85ff0000 - 0x00007ffd85ff7000 	C:\Program Files\Java\jdk-21\bin\extnet.dll
0x00007ffd950b0000 - 0x00007ffd950ba000 	C:\Program Files\Java\jdk-21\bin\management.dll
0x00007ffd950a0000 - 0x00007ffd950ab000 	C:\Program Files\Java\jdk-21\bin\management_ext.dll
0x00007ffda49b0000 - 0x00007ffda49b8000 	C:\WINDOWS\System32\PSAPI.DLL
0x00007ffd94e50000 - 0x00007ffd94e5e000 	C:\Program Files\Java\jdk-21\bin\sunmscapi.dll
0x00007ffda3480000 - 0x00007ffda35f7000 	C:\WINDOWS\System32\CRYPT32.dll
0x00007ffda2a50000 - 0x00007ffda2a80000 	C:\WINDOWS\SYSTEM32\ncrypt.dll
0x00007ffda2a00000 - 0x00007ffda2a3f000 	C:\WINDOWS\SYSTEM32\NTASN1.dll
0x00007ffda2830000 - 0x00007ffda284b000 	C:\WINDOWS\SYSTEM32\CRYPTSP.dll
0x00007ffda1f40000 - 0x00007ffda1f79000 	C:\WINDOWS\system32\rsaenh.dll
0x00007ffda2600000 - 0x00007ffda2633000 	C:\WINDOWS\SYSTEM32\USERENV.dll
0x00007ffda3140000 - 0x00007ffda316a000 	C:\WINDOWS\SYSTEM32\bcrypt.dll
0x00007ffda2850000 - 0x00007ffda285c000 	C:\WINDOWS\SYSTEM32\CRYPTBASE.dll
0x00007ffda1a70000 - 0x00007ffda1aa2000 	C:\WINDOWS\SYSTEM32\IPHLPAPI.DLL
0x00007ffda4ae0000 - 0x00007ffda4aea000 	C:\WINDOWS\System32\NSI.dll
0x00007ffda1ab0000 - 0x00007ffda1be2000 	C:\WINDOWS\SYSTEM32\DNSAPI.dll
0x00007ffd9bca0000 - 0x00007ffd9bcab000 	C:\Windows\System32\rasadhlp.dll
0x00007ffd9dba0000 - 0x00007ffd9dc26000 	C:\WINDOWS\System32\fwpuclnt.dll
0x00007ffd62a30000 - 0x00007ffd62a38000 	C:\WINDOWS\system32\wshunix.dll
0x00007ffd800e0000 - 0x00007ffd800f8000 	C:\WINDOWS\system32\napinsp.dll
0x00007ffd800c0000 - 0x00007ffd800d3000 	C:\WINDOWS\System32\winrnr.dll
0x00007ffd80090000 - 0x00007ffd800b2000 	C:\WINDOWS\system32\nlansp_c.dll
0x00007ffd80070000 - 0x00007ffd80086000 	C:\WINDOWS\system32\wshbth.dll
0x00007ffd9c320000 - 0x00007ffd9c33d000 	C:\WINDOWS\SYSTEM32\dhcpcsvc6.DLL
0x00007ffd9bc70000 - 0x00007ffd9bc95000 	C:\WINDOWS\SYSTEM32\dhcpcsvc.DLL

dbghelp: loaded successfully - version: 4.0.5 - missing functions: none
symbol engine: initialized successfully - sym options: 0x614 - pdb path: .;C:\Program Files\Java\jdk-21\bin;C:\WINDOWS\SYSTEM32;C:\WINDOWS\WinSxS\amd64_microsoft.windows.common-controls_6595b64144ccf1df_6.0.26100.8115_none_3e075c82e3354f9c;C:\Program Files\Java\jdk-21\bin\server;C:\Program Files\JetBrains\IntelliJ IDEA Community Edition 2023.3.2\bin

VM Arguments:
jvm_args: -javaagent:C:\Program Files\JetBrains\IntelliJ IDEA Community Edition 2023.3.2\lib\idea_rt.jar=60055:C:\Program Files\JetBrains\IntelliJ IDEA Community Edition 2023.3.2\bin -Dfile.encoding=UTF-8 -Dsun.stdout.encoding=UTF-8 -Dsun.stderr.encoding=UTF-8 
java_command: com.example.CampusUtsav.CampusUtsavApplication
java_class_path (initial): D:\CampusUtsav-Backend\CampusUtsav-Backend\target\classes;C:\Users\dell\.m2\repository\org\springframework\boot\spring-boot-starter-data-jpa\3.5.7\spring-boot-starter-data-jpa-3.5.7.jar;C:\Users\dell\.m2\repository\org\springframework\boot\spring-boot-starter\3.5.7\spring-boot-starter-3.5.7.jar;C:\Users\dell\.m2\repository\org\springframework\boot\spring-boot-starter-logging\3.5.7\spring-boot-starter-logging-3.5.7.jar;C:\Users\dell\.m2\repository\ch\qos\logback\logback-classic\1.5.20\logback-classic-1.5.20.jar;C:\Users\dell\.m2\repository\ch\qos\logback\logback-core\1.5.20\logback-core-1.5.20.jar;C:\Users\dell\.m2\repository\org\apache\logging\log4j\log4j-to-slf4j\2.24.3\log4j-to-slf4j-2.24.3.jar;C:\Users\dell\.m2\repository\org\apache\logging\log4j\log4j-api\2.24.3\log4j-api-2.24.3.jar;C:\Users\dell\.m2\repository\org\slf4j\jul-to-slf4j\2.0.17\jul-to-slf4j-2.0.17.jar;C:\Users\dell\.m2\repository\jakarta\annotation\jakarta.annotation-api\2.1.1\jakarta.annotation-api-2.1.1.jar;C:\Users\dell\.m2\repository\org\yaml\snakeyaml\2.4\snakeyaml-2.4.jar;C:\Users\dell\.m2\repository\org\springframework\boot\spring-boot-starter-jdbc\3.5.7\spring-boot-starter-jdbc-3.5.7.jar;C:\Users\dell\.m2\repository\com\zaxxer\HikariCP\6.3.3\HikariCP-6.3.3.jar;C:\Users\dell\.m2\repository\org\springframework\spring-jdbc\6.2.12\spring-jdbc-6.2.12.jar;C:\Users\dell\.m2\repository\org\hibernate\orm\hibernate-core\6.6.33.Final\hibernate-core-6.6.33.Final.jar;C:\Users\dell\.m2\repository\jakarta\persistence\jakarta.persistence-api\3.1.0\jakarta.persistence-api-3.1.0.jar;C:\Users\dell\.m2\repository\jakarta\transaction\jakarta.transaction-api\2.0.1\jakarta.transaction-api-2.0.1.jar;C:\Users\dell\.m2\repository\org\hibernate\common\hibernate-commons-annotations\7.0.3.Final\hibernate-commons-annotations-7.0.3.Final.jar;C:\Users\dell\.m2\repository\io\smallrye\jandex\3.2.0\jandex-3.2.0.jar;C:\Users\dell\.m2\repository\com\fasterxml\classmate\1.7.1\classmate-1.7.1.jar;C:\Users\dell\.m2\repository\net\bytebuddy\byte-buddy\1.17.8\byte-buddy-1.17.8.jar;C:\Users\dell\.m2\repository\org\glassfish\jaxb\jaxb-runtime\4.0.6\jaxb-runtime-4.0.6.jar;C:\Users\dell\.m2\repository\org\glassfish\jaxb\jaxb-core\4.0.6\jaxb-core-4.0.6.jar;C:\Users\dell\.m2\repository\org\glassfish\jaxb\txw2\4.0.6\txw2-4.0.6.jar;C:\Users\dell\.m2\repository\com\sun\istack\istack-commons-runtime\4.1.2\istack-commons-runtime-4.1.2.jar;C:\Users\dell\.m2\repository\jakarta\inject\jakarta.inject-api\2.0.1\jakarta.inject-api-2.0.1.jar;C:\Users\dell\.m2\repository\org\antlr\antlr4-runtime\4.13.0\antlr4-runtime-4.13.0.jar;C:\Users\dell\.m2\repository\org\springframework\data\spring-data-jpa\3.5.5\spring-data-jpa-3.5.5.jar;C:\Users\dell\.m2\repository\org\springframework\data\spring-data-commons\3.5.5\spring-data-commons-3.5.5.jar;C:\Users\dell\.m2\repository\org\springframework\spring-orm\6.2.12\spring-orm-6.2.12.jar;C:\Users\dell\.m2\repository\org\springframework\spring-context\6.2.12\spring-context-6.2.12.jar;C:\Users\dell\.m2\repository\org\springframework\spring-tx\6.2.12\spring-tx-6.2.12.jar;C:\Users\dell\.m2\repository\org\springframework\spring-beans\6.2.12\spring-beans-6.2.12.jar;C:\Users\dell\.m2\repository\org\slf4j\slf4j-api\2.0.17\slf4j-api-2.0.17.jar;C:\Users\dell\.m2\repository\org\springframework\spring-aspects\6.2.12\spring-aspects-6.2.12.jar;C:\Users\dell\.m2\repository\org\aspectj\aspectjweaver\1.9.24\aspectjweaver-1.9.24.jar;C:\Users\dell\.m2\repository\org\springframework\boot\spring-boot-starter-mail\3.5.7\spring-boot-starter-mail-3.5.7.jar;C:\Users\dell\.m2\repository\org\springframework\spring-context-support\6.2.12\spring-context-support-6.2.12.jar;C:\Users\dell\.m2\repository\org\eclipse\angus\jakarta.mail\2.0.5\jakarta.mail-2.0.5.jar;C:\Users\dell\.m2\repository\jakarta\activation\jakarta.activation-api\2.1.4\jakarta.activation-api-2.1.4.jar;C:\Users\dell\.m2\repository\org\eclipse\angus\angus-activation\2.0.3\angus-activation-2.0.3.jar;C:\Users\dell\.m2\repository\org\hibernate\orm\hibernate-community-dialects\6.6.33.Final\hibernate-community-dialects-6.6.33.Final.jar;C:\Users\dell\.m2\repository\org\jboss\logging\jboss-logging\3.6.1.Final\jboss-logging-3.6.1.Final.jar;C:\Users\dell\.m2\repository\org\springframework\boot\spring-boot-starter-security\3.5.7\spring-boot-starter-security-3.5.7.jar;C:\Users\dell\.m2\repository\org\springframework\spring-aop\6.2.12\spring-aop-6.2.12.jar;C:\Users\dell\.m2\repository\org\springframework\security\spring-security-config\6.5.6\spring-security-config-6.5.6.jar;C:\Users\dell\.m2\repository\org\springframework\security\spring-security-web\6.5.6\spring-security-web-6.5.6.jar;C:\Users\dell\.m2\repository\org\springframework\spring-expression\6.2.12\spring-expression-6.2.12.jar;C:\Users\dell\.m2\repository\org\springframework\boot\spring-boot-starter-validation\3.5.7\spring-boot-starter-validation-3.5.7.jar;C:\Users\dell\.m2\repository\org\apache\tomcat\embed\tomcat-embed-el\10.1.48\tomcat-embed-el-10.1.48.jar;C:\Users\dell\.m2\repository\org\hibernate\validator\hibernate-validator\8.0.3.Final\hibernate-validator-8.0.3.Final.jar;C:\Users\dell\.m2\repository\jakarta\validation\jakarta.validation-api\3.0.2\jakarta.validation-api-3.0.2.jar;C:\Users\dell\.m2\repository\org\springframework\boot\spring-boot-starter-web\3.5.7\spring-boot-starter-web-3.5.7.jar;C:\Users\dell\.m2\repository\org\springframework\boot\spring-boot-starter-json\3.5.7\spring-boot-starter-json-3.5.7.jar;C:\Users\dell\.m2\repository\com\fasterxml\jackson\datatype\jackson-datatype-jdk8\2.19.2\jackson-datatype-jdk8-2.19.2.jar;C:\Users\dell\.m2\repository\com\fasterxml\jackson\datatype\jackson-datatype-jsr310\2.19.2\jackson-datatype-jsr310-2.19.2.jar;C:\Users\dell\.m2\repository\com\fasterxml\jackson\module\jackson-module-parameter-names\2.19.2\jackson-module-parameter-names-2.19.2.jar;C:\Users\dell\.m2\repository\org\springframework\boot\spring-boot-starter-tomcat\3.5.7\spring-boot-starter-tomcat-3.5.7.jar;C:\Users\dell\.m2\repository\org\apache\tomcat\embed\tomcat-embed-core\10.1.48\tomcat-embed-core-10.1.48.jar;C:\Users\dell\.m2\repository\org\apache\tomcat\embed\tomcat-embed-websocket\10.1.48\tomcat-embed-websocket-10.1.48.jar;C:\Users\dell\.m2\repository\org\springframework\spring-web\6.2.12\spring-web-6.2.12.jar;C:\Users\dell\.m2\repository\io\micrometer\micrometer-observation\1.15.5\micrometer-observation-1.15.5.jar;C:\Users\dell\.m2\repository\io\micrometer\micrometer-commons\1.15.5\micrometer-commons-1.15.5.jar;C:\Users\dell\.m2\repository\org\springframework\spring-webmvc\6.2.12\spring-webmvc-6.2.12.jar;C:\Users\dell\.m2\repository\org\springframework\boot\spring-boot-starter-webflux\3.5.7\spring-boot-starter-webflux-3.5.7.jar;C:\Users\dell\.m2\repository\org\springframework\boot\spring-boot-starter-reactor-netty\3.5.7\spring-boot-starter-reactor-netty-3.5.7.jar;C:\Users\dell\.m2\repository\io\projectreactor\netty\reactor-netty-http\1.2.11\reactor-netty-http-1.2.11.jar;C:\Users\dell\.m2\repository\io\netty\netty-codec-http\4.1.128.Final\netty-codec-http-4.1.128.Final.jar;C:\Users\dell\.m2\repository\io\netty\netty-common\4.1.128.Final\netty-common-4.1.128.Final.jar;C:\Users\dell\.m2\repository\io\netty\netty-buffer\4.1.128.Final\netty-buffer-4.1.128.Final.jar;C:\Users\dell\.m2\repository\io\netty\netty-transport\4.1.128.Final\netty-transport-4.1.128.Final.jar;C:\Users\dell\.m2\repository\io\netty\netty-codec\4.1.128.Final\netty-codec-4.1.128.Final.jar;C:\Users\dell\.m2\repository\io\netty\netty-handler\4.1.128.Final\netty-handler-4.1.128.Final.jar;C:\Users\dell\.m2\repository\io\netty\netty-codec-http2\4.1.128.Final\netty-codec-http2-4.1.128.Final.jar;C:\Users\dell\.m2\repository\io\netty\netty-resolver-dns\4.1.128.Final\netty-resolver-dns-4.1.128.Final.jar;C:\Users\dell\.m2\repository\io\netty\netty-resolver\4.1.128.Final\netty-resolver-4.1.128.Final.jar;C:\Users\dell\.m2\repository\io\netty\netty-codec-dns\4.1.128.Final\netty-codec-dns-4.1.128.Final.jar;C:\Users\dell\.m2\repository\io\netty\netty-resolver-dns-native-macos\4.1.128.Final\netty-resolver-dns-native-macos-4.1.128.Final-osx-x86_64.jar;C:\Users\dell\.m2\repository\io\netty\netty-resolver-dns-classes-macos\4.1.128.Final\netty-resolver-dns-classes-macos-4.1.128.Final.jar;C:\Users\dell\.m2\repository\io\netty\netty-transport-native-epoll\4.1.128.Final\netty-transport-native-epoll-4.1.128.Final-linux-x86_64.jar;C:\Users\dell\.m2\repository\io\netty\netty-transport-native-unix-common\4.1.128.Final\netty-transport-native-unix-common-4.1.128.Final.jar;C:\Users\dell\.m2\repository\io\netty\netty-transport-classes-epoll\4.1.128.Final\netty-transport-classes-epoll-4.1.128.Final.jar;C:\Users\dell\.m2\repository\io\projectreactor\netty\reactor-netty-core\1.2.11\reactor-netty-core-1.2.11.jar;C:\Users\dell\.m2\repository\io\netty\netty-handler-proxy\4.1.128.Final\netty-handler-proxy-4.1.128.Final.jar;C:\Users\dell\.m2\repository\io\netty\netty-codec-socks\4.1.128.Final\netty-codec-socks-4.1.128.Final.jar;C:\Users\dell\.m2\repository\org\springframework\spring-webflux\6.2.12\spring-webflux-6.2.12.jar;C:\Users\dell\.m2\repository\io\projectreactor\reactor-core\3.7.12\reactor-core-3.7.12.jar;C:\Users\dell\.m2\repository\org\reactivestreams\reactive-streams\1.0.4\reactive-streams-1.0.4.jar;C:\Users\dell\.m2\repository\io\jsonwebtoken\jjwt-api\0.11.5\jjwt-api-0.11.5.jar;C:\Users\dell\.m2\repository\io\jsonwebtoken\jjwt-impl\0.11.5\jjwt-impl-0.11.5.jar;C:\Users\dell\.m2\repository\io\jsonwebtoken\jjwt-jackson\0.11.5\jjwt-jackson-0.11.5.jar;C:\Users\dell\.m2\repository\com\fasterxml\jackson\core\jackson-databind\2.19.2\jackson-databind-2.19.2.jar;C:\Users\dell\.m2\repository\com\fasterxml\jackson\core\jackson-annotations\2.19.2\jackson-annotations-2.19.2.jar;C:\Users\dell\.m2\repository\com\fasterxml\jackson\core\jackson-core\2.19.2\jackson-core-2.19.2.jar;C:\Users\dell\.m2\repository\org\springframework\boot\spring-boot-devtools\3.5.7\spring-boot-devtools-3.5.7.jar;C:\Users\dell\.m2\repository\org\springframework\boot\spring-boot\3.5.7\spring-boot-3.5.7.jar;C:\Users\dell\.m2\repository\org\springframework\boot\spring-boot-autoconfigure\3.5.7\spring-boot-autoconfigure-3.5.7.jar;C:\Users\dell\.m2\repository\org\postgresql\postgresql\42.7.2\postgresql-42.7.2.jar;C:\Users\dell\.m2\repository\org\checkerframework\checker-qual\3.42.0\checker-qual-3.42.0.jar;C:\Users\dell\.m2\repository\org\projectlombok\lombok\1.18.36\lombok-1.18.36.jar;C:\Users\dell\.m2\repository\jakarta\xml\bind\jakarta.xml.bind-api\4.0.4\jakarta.xml.bind-api-4.0.4.jar;C:\Users\dell\.m2\repository\org\springframework\spring-core\6.2.12\spring-core-6.2.12.jar;C:\Users\dell\.m2\repository\org\springframework\spring-jcl\6.2.12\spring-jcl-6.2.12.jar;C:\Users\dell\.m2\repository\org\springframework\security\spring-security-core\6.5.6\spring-security-core-6.5.6.jar;C:\Users\dell\.m2\repository\org\springframework\security\spring-security-crypto\6.5.6\spring-security-crypto-6.5.6.jar
Launcher Type: SUN_STANDARD

[Global flags]
     intx CICompilerCount                          = 3                                         {product} {ergonomic}
     uint ConcGCThreads                            = 1                                         {product} {ergonomic}
     uint G1ConcRefinementThreads                  = 4                                         {product} {ergonomic}
   size_t G1HeapRegionSize                         = 1048576                                   {product} {ergonomic}
    uintx GCDrainStackTargetSize                   = 64                                        {product} {ergonomic}
   size_t InitialHeapSize                          = 130023424                                 {product} {ergonomic}
   size_t MarkStackSize                            = 4194304                                   {product} {ergonomic}
   size_t MaxHeapSize                              = 2078277632                                {product} {ergonomic}
   size_t MaxNewSize                               = 1246756864                                {product} {ergonomic}
   size_t MinHeapDeltaBytes                        = 1048576                                   {product} {ergonomic}
   size_t MinHeapSize                              = 8388608                                   {product} {ergonomic}
    uintx NonNMethodCodeHeapSize                   = 5832780                                {pd product} {ergonomic}
    uintx NonProfiledCodeHeapSize                  = 122912730                              {pd product} {ergonomic}
    uintx ProfiledCodeHeapSize                     = 122912730                              {pd product} {ergonomic}
    uintx ReservedCodeCacheSize                    = 251658240                              {pd product} {ergonomic}
     bool SegmentedCodeCache                       = true                                      {product} {ergonomic}
   size_t SoftMaxHeapSize                          = 2078277632                             {manageable} {ergonomic}
     bool UseCompressedOops                        = true                           {product lp64_product} {ergonomic}
     bool UseG1GC                                  = true                                      {product} {ergonomic}
     bool UseLargePagesIndividualAllocation        = false                                  {pd product} {ergonomic}

Logging:
Log output configuration:
 #0: stdout all=warning uptime,level,tags foldmultilines=false
 #1: stderr all=off uptime,level,tags foldmultilines=false

Environment Variables:
PATH=C:\Program Files\Python314\Scripts\;C:\Program Files\Python314\;C:\Program Files\Python311\Scripts\;C:\Program Files\Python311\;C:\Program Files\Common Files\Oracle\Java\javapath;C:\Program Files (x86)\Common Files\Oracle\Java\javapath;C:\WINDOWS\system32;C:\WINDOWS;C:\WINDOWS\System32\Wbem;C:\WINDOWS\System32\WindowsPowerShell\v1.0\;C:\WINDOWS\System32\OpenSSH\;C:\Program Files\dotnet\;C:\MinGW\bin;C:\Program Files\Java\jdk-19;C:\Program Files\Git\cmd;C:\Program Files\Microsoft SQL Server\150\Tools\Binn\;C:\Program Files (x86)\Windows Kits\10\Windows Performance Toolkit\;C:\Users\dell\AppData\Local\nvm;C:\nvm$w1\nodejs;C:\Program Files\nodejs\;C:\ProgramData\chocolatey\bin;C:\Program Files\apache-maven-3.9.11\apache-maven-3.9.11\bin;C:\Program Files\PowerShell\7\;C:\Program Files\MySQL\MySQL Shell 8.0\bin\;C:\Users\dell\AppData\Local\Microsoft\WindowsApps;C:\Users\dell\AppData\Local\Programs\Microsoft VS Code\bin;C:\Program Files\JetBrains\IntelliJ IDEA Community Edition 2023.2.1\bin;C:\Program Files\MongoDB\Server\8.0\bin;;C:\Users\dell\AppData\Local\Microsoft\WinGet\Packages\Schniz.fnm_Microsoft.Winget.Source_8wekyb3d8bbwe;C:\Users\dell\AppData\Local\Programs\mongosh\;C:\Users\dell\AppData\Local\nvm;C:\nvm$w1\nodejs;C:\Users\dell\AppData\Local\Microsoft\WinGet\Packages\cURL.cURL_Microsoft.Winget.Source_8wekyb3d8bbwe\curl-8.13.0_1-win64-mingw/bin;C:\Users\dell\AppData\Roaming\npm;D:\new volume\Pratiksha\flutter\bin;C:\Users\dell\AppData\Local\Programs\Antigravity\bin
USERNAME=dell
OS=Windows_NT
PROCESSOR_IDENTIFIER=Intel64 Family 6 Model 140 Stepping 1, GenuineIntel
TMP=C:\Users\dell\AppData\Local\Temp
TEMP=C:\Users\dell\AppData\Local\Temp




Periodic native trim disabled

---------------  S Y S T E M  ---------------

OS:
 Windows 11 , 64 bit Build 26100 (10.0.26100.8246)
OS uptime: 6 days 9:01 hours
Hyper-V role detected

CPU: total 4 (initial active 4) (2 cores per cpu, 2 threads per core) family 6 model 140 stepping 1 microcode 0xbe, cx8, cmov, fxsr, ht, mmx, 3dnowpref, sse, sse2, sse3, ssse3, sse4.1, sse4.2, popcnt, lzcnt, tsc, tscinvbit, avx, avx2, aes, erms, clmul, bmi1, bmi2, adx, avx512f, avx512dq, avx512cd, avx512bw, avx512vl, sha, fma, vzeroupper, avx512_vpopcntdq, avx512_vpclmulqdq, avx512_vaes, avx512_vnni, clflush, clflushopt, clwb, avx512_vbmi2, avx512_vbmi, hv, rdtscp, rdpid, fsrm, gfni, avx512_bitalg, f16c, cet_ibt, cet_ss, avx512_ifma
Processor Information for all 4 processors :
  Max Mhz: 2995, Current Mhz: 2995, Mhz Limit: 2995

Memory: 4k page, system-wide physical 7926M (411M free)
TotalPageFile size 28346M (AvailPageFile size 2M)
current process WorkingSet (physical memory assigned to process): 247M, peak: 367M
current process commit charge ("private bytes"): 364M, peak: 398M

vm_info: Java HotSpot(TM) 64-Bit Server VM (21.0.1+12-LTS-29) for windows-amd64 JRE (21.0.1+12-LTS-29), built on 2023-10-05T13:27:09Z by "mach5one" with MS VC++ 17.1 (VS2022)

END.
