#
# There is insufficient memory for the Java Runtime Environment to continue.
# Native memory allocation (malloc) failed to allocate 1168128 bytes for Chunk::new
# Possible reasons:
#   The system is out of physical RAM or swap space
#   The process is running with CompressedOops enabled, and the Java Heap may be blocking the growth of the native heap
# Possible solutions:
#   Reduce memory load on the system
#   Increase physical memory or swap space
#   Check if swap backing store is full
#   Decrease Java heap size (-Xmx/-Xms)
#   Decrease number of Java threads
#   Decrease Java thread stack sizes (-Xss)
#   Set larger code cache with -XX:ReservedCodeCacheSize=
#   JVM is running with Unscaled Compressed Oops mode in which the Java heap is
#     placed in the first 4GB address space. The Java Heap base address is the
#     maximum limit for the native heap growth. Please use -XX:HeapBaseMinAddress
#     to set the Java Heap base and to place the Java Heap above 4GB virtual address.
# This output file may be truncated or incomplete.
#
#  Out of Memory Error (arena.cpp:168), pid=2032, tid=12604
#
# JRE version: Java(TM) SE Runtime Environment (21.0.1+12) (build 21.0.1+12-LTS-29)
# Java VM: Java HotSpot(TM) 64-Bit Server VM (21.0.1+12-LTS-29, mixed mode, sharing, tiered, compressed oops, compressed class ptrs, g1 gc, windows-amd64)
# No core dump will be written. Minidumps are not enabled by default on client versions of Windows
#

---------------  S U M M A R Y ------------

Command Line: -javaagent:C:\Program Files\JetBrains\IntelliJ IDEA Community Edition 2023.3.2\lib\idea_rt.jar=53569:C:\Program Files\JetBrains\IntelliJ IDEA Community Edition 2023.3.2\bin -Dfile.encoding=UTF-8 -Dsun.stdout.encoding=UTF-8 -Dsun.stderr.encoding=UTF-8 com.example.CampusUtsav.CampusUtsavApplication

Host: 11th Gen Intel(R) Core(TM) i3-1115G4 @ 3.00GHz, 4 cores, 7G,  Windows 11 , 64 bit Build 26100 (10.0.26100.8246)
Time: Thu Apr 23 22:31:16 2026 India Standard Time elapsed time: 2792.370281 seconds (0d 0h 46m 32s)

---------------  T H R E A D  ---------------

Current thread (0x0000020727c88e80):  JavaThread "C2 CompilerThread0" daemon [_thread_in_native, id=12604, stack(0x000000ff18300000,0x000000ff18400000) (1024K)]


Current CompileTask:
C2:2792371 14195       4       org.hibernate.internal.util.StringHelper::replace (56 bytes)

Stack: [0x000000ff18300000,0x000000ff18400000]
Native frames: (J=compiled Java code, j=interpreted, Vv=VM code, C=native code)
V  [jvm.dll+0x6c9029]
V  [jvm.dll+0x854b81]
V  [jvm.dll+0x856e5e]
V  [jvm.dll+0x857543]
V  [jvm.dll+0x280c06]
V  [jvm.dll+0xc3ead]
V  [jvm.dll+0xc43c3]
V  [jvm.dll+0x3b576c]
V  [jvm.dll+0x382475]
V  [jvm.dll+0x3818ea]
V  [jvm.dll+0x249ad0]
V  [jvm.dll+0x2490b1]
V  [jvm.dll+0x1c9ca1]
V  [jvm.dll+0x2586b9]
V  [jvm.dll+0x256c9a]
V  [jvm.dll+0x3ef1b6]
V  [jvm.dll+0x7fd728]
V  [jvm.dll+0x6c777d]
C  [ucrtbase.dll+0x37b0]
C  [KERNEL32.DLL+0x2e8d7]
C  [ntdll.dll+0x8c3fc]


---------------  P R O C E S S  ---------------

Threads class SMR info:
_java_thread_list=0x000002076db1ffa0, length=36, elements={
0x0000020727c80330, 0x0000020727c80d90, 0x0000020727c861d0, 0x0000020727c86c30,
0x0000020727c87690, 0x0000020727c880f0, 0x0000020727c88e80, 0x0000020727c9dd50,
0x000002076d0e7670, 0x000002076d4e01a0, 0x000002076d4e0810, 0x0000020771a9d010,
0x000002076fa43350, 0x000002076f2f7bf0, 0x000002076f2f5490, 0x000002076f2f6ed0,
0x000002076f2f5b20, 0x000002076f2f8280, 0x000002076f2f6840, 0x000002076d81b120,
0x000002076d819050, 0x000002076d81c4d0, 0x000002076d81a400, 0x000002076d81b7b0,
0x000002076d8196e0, 0x000002076d81be40, 0x000002076d81aa90, 0x0000020772a1caf0,
0x0000020772a1d180, 0x0000020772a1aa20, 0x0000020772a1d810, 0x0000020772a1b0b0,
0x0000020772a1dea0, 0x0000020772a1b740, 0x0000020772a1bdd0, 0x0000020772a1c460
}

Java Threads: ( => current thread )
  0x0000020727c80330 JavaThread "Reference Handler"          daemon [_thread_blocked, id=436, stack(0x000000ff17d00000,0x000000ff17e00000) (1024K)]
  0x0000020727c80d90 JavaThread "Finalizer"                  daemon [_thread_blocked, id=3100, stack(0x000000ff17e00000,0x000000ff17f00000) (1024K)]
  0x0000020727c861d0 JavaThread "Signal Dispatcher"          daemon [_thread_blocked, id=6940, stack(0x000000ff17f00000,0x000000ff18000000) (1024K)]
  0x0000020727c86c30 JavaThread "Attach Listener"            daemon [_thread_blocked, id=22036, stack(0x000000ff18000000,0x000000ff18100000) (1024K)]
  0x0000020727c87690 JavaThread "Service Thread"             daemon [_thread_blocked, id=26752, stack(0x000000ff18100000,0x000000ff18200000) (1024K)]
  0x0000020727c880f0 JavaThread "Monitor Deflation Thread"   daemon [_thread_blocked, id=23576, stack(0x000000ff18200000,0x000000ff18300000) (1024K)]
=>0x0000020727c88e80 JavaThread "C2 CompilerThread0"         daemon [_thread_in_native, id=12604, stack(0x000000ff18300000,0x000000ff18400000) (1024K)]
  0x0000020727c9dd50 JavaThread "C1 CompilerThread0"         daemon [_thread_blocked, id=11224, stack(0x000000ff18400000,0x000000ff18500000) (1024K)]
  0x000002076d0e7670 JavaThread "Common-Cleaner"             daemon [_thread_blocked, id=28580, stack(0x000000ff18500000,0x000000ff18600000) (1024K)]
  0x000002076d4e01a0 JavaThread "Monitor Ctrl-Break"         daemon [_thread_in_native, id=10080, stack(0x000000ff18800000,0x000000ff18900000) (1024K)]
  0x000002076d4e0810 JavaThread "Notification Thread"        daemon [_thread_blocked, id=21636, stack(0x000000ff18900000,0x000000ff18a00000) (1024K)]
  0x0000020771a9d010 JavaThread "PostgreSQL-JDBC-Cleaner"    daemon [_thread_blocked, id=27364, stack(0x000000ff19000000,0x000000ff19100000) (1024K)]
  0x000002076fa43350 JavaThread "HikariPool-1:housekeeper"   daemon [_thread_blocked, id=9196, stack(0x000000ff19100000,0x000000ff19200000) (1024K)]
  0x000002076f2f7bf0 JavaThread "Catalina-utility-1"                [_thread_blocked, id=10216, stack(0x000000ff19200000,0x000000ff19300000) (1024K)]
  0x000002076f2f5490 JavaThread "Catalina-utility-2"                [_thread_blocked, id=4920, stack(0x000000ff19300000,0x000000ff19400000) (1024K)]
  0x000002076f2f6ed0 JavaThread "container-0"                       [_thread_blocked, id=24312, stack(0x000000ff19400000,0x000000ff19500000) (1024K)]
  0x000002076f2f5b20 JavaThread "reactor-http-nio-1"         daemon [_thread_in_native, id=17156, stack(0x000000ff18700000,0x000000ff18800000) (1024K)]
  0x000002076f2f8280 JavaThread "reactor-http-nio-2"         daemon [_thread_in_native, id=16928, stack(0x000000ff19500000,0x000000ff19600000) (1024K)]
  0x000002076f2f6840 JavaThread "reactor-http-nio-3"         daemon [_thread_in_native, id=4496, stack(0x000000ff19600000,0x000000ff19700000) (1024K)]
  0x000002076d81b120 JavaThread "reactor-http-nio-4"         daemon [_thread_in_native, id=548, stack(0x000000ff19700000,0x000000ff19800000) (1024K)]
  0x000002076d819050 JavaThread "Jndi-Dns-address-change-listener" daemon [_thread_in_native, id=13596, stack(0x000000ff19800000,0x000000ff19900000) (1024K)]
  0x000002076d81c4d0 JavaThread "File Watcher"               daemon [_thread_blocked, id=27700, stack(0x000000ff19a00000,0x000000ff19b00000) (1024K)]
  0x000002076d81a400 JavaThread "Live Reload Server"         daemon [_thread_in_native, id=21484, stack(0x000000ff19c00000,0x000000ff19d00000) (1024K)]
  0x000002076d81b7b0 JavaThread "http-nio-8080-exec-1"       daemon [_thread_blocked, id=25208, stack(0x000000ff19b00000,0x000000ff19c00000) (1024K)]
  0x000002076d8196e0 JavaThread "http-nio-8080-exec-2"       daemon [_thread_blocked, id=6140, stack(0x000000ff19d00000,0x000000ff19e00000) (1024K)]
  0x000002076d81be40 JavaThread "http-nio-8080-exec-3"       daemon [_thread_blocked, id=14148, stack(0x000000ff19e00000,0x000000ff19f00000) (1024K)]
  0x000002076d81aa90 JavaThread "http-nio-8080-exec-4"       daemon [_thread_blocked, id=22464, stack(0x000000ff19f00000,0x000000ff1a000000) (1024K)]
  0x0000020772a1caf0 JavaThread "http-nio-8080-exec-5"       daemon [_thread_in_native, id=12792, stack(0x000000ff1a000000,0x000000ff1a100000) (1024K)]
  0x0000020772a1d180 JavaThread "http-nio-8080-exec-6"       daemon [_thread_blocked, id=20076, stack(0x000000ff1a100000,0x000000ff1a200000) (1024K)]
  0x0000020772a1aa20 JavaThread "http-nio-8080-exec-7"       daemon [_thread_blocked, id=15004, stack(0x000000ff1a200000,0x000000ff1a300000) (1024K)]
  0x0000020772a1d810 JavaThread "http-nio-8080-exec-8"       daemon [_thread_blocked, id=17600, stack(0x000000ff1a300000,0x000000ff1a400000) (1024K)]
  0x0000020772a1b0b0 JavaThread "http-nio-8080-exec-9"       daemon [_thread_blocked, id=20248, stack(0x000000ff1a400000,0x000000ff1a500000) (1024K)]
  0x0000020772a1dea0 JavaThread "http-nio-8080-exec-10"      daemon [_thread_blocked, id=8928, stack(0x000000ff1a500000,0x000000ff1a600000) (1024K)]
  0x0000020772a1b740 JavaThread "http-nio-8080-Poller"       daemon [_thread_in_native, id=9336, stack(0x000000ff1a600000,0x000000ff1a700000) (1024K)]
  0x0000020772a1bdd0 JavaThread "http-nio-8080-Acceptor"     daemon [_thread_in_native, id=26824, stack(0x000000ff1a700000,0x000000ff1a800000) (1024K)]
  0x0000020772a1c460 JavaThread "DestroyJavaVM"                     [_thread_blocked, id=12016, stack(0x000000ff17500000,0x000000ff17600000) (1024K)]
Total: 36

Other Threads:
  0x0000020727c5b9e0 VMThread "VM Thread"                           [id=10680, stack(0x000000ff17c00000,0x000000ff17d00000) (1024K)]
  0x0000020727c452a0 WatcherThread "VM Periodic Task Thread"        [id=25036, stack(0x000000ff17b00000,0x000000ff17c00000) (1024K)]
  0x0000020709d0d6c0 WorkerThread "GC Thread#0"                     [id=22504, stack(0x000000ff17600000,0x000000ff17700000) (1024K)]
  0x000002076d77f6a0 WorkerThread "GC Thread#1"                     [id=23732, stack(0x000000ff18a00000,0x000000ff18b00000) (1024K)]
  0x000002076da17f90 WorkerThread "GC Thread#2"                     [id=17080, stack(0x000000ff18b00000,0x000000ff18c00000) (1024K)]
  0x000002076da3cdb0 WorkerThread "GC Thread#3"                     [id=24508, stack(0x000000ff18c00000,0x000000ff18d00000) (1024K)]
  0x0000020709d1de60 ConcurrentGCThread "G1 Main Marker"            [id=26996, stack(0x000000ff17700000,0x000000ff17800000) (1024K)]
  0x0000020709d1e960 WorkerThread "G1 Conc#0"                       [id=13028, stack(0x000000ff17800000,0x000000ff17900000) (1024K)]
  0x0000020727b17ca0 ConcurrentGCThread "G1 Refine#0"               [id=25800, stack(0x000000ff17900000,0x000000ff17a00000) (1024K)]
  0x0000020727b1a4d0 ConcurrentGCThread "G1 Service"                [id=24860, stack(0x000000ff17a00000,0x000000ff17b00000) (1024K)]
Total: 10

Threads with active compile tasks:
C2 CompilerThread0  2792432 14195       4       org.hibernate.internal.util.StringHelper::replace (56 bytes)
Total: 1

VM state: not at safepoint (normal execution)

VM Mutex/Monitor currently owned by a thread: None

Heap address: 0x0000000084200000, size: 1982 MB, Compressed Oops mode: 32-bit

CDS archive(s) mapped at: [0x0000020728000000-0x0000020728c90000-0x0000020728c90000), size 13172736, SharedBaseAddress: 0x0000020728000000, ArchiveRelocationMode: 1.
Compressed class space mapped at: 0x0000020729000000-0x0000020769000000, reserved size: 1073741824
Narrow klass base: 0x0000020728000000, Narrow klass shift: 0, Narrow klass range: 0x100000000

GC Precious Log:
 CardTable entry size: 512
 Card Set container configuration: InlinePtr #cards 5 size 8 Array Of Cards #cards 12 size 40 Howl #buckets 4 coarsen threshold 1843 Howl Bitmap #cards 512 size 80 coarsen threshold 460 Card regions per heap region 1 cards per card region 2048
 CPUs: 4 total, 4 available
 Memory: 7926M
 Large Page Support: Disabled
 NUMA Support: Disabled
 Compressed Oops: Enabled (32-bit)
 Heap Region Size: 1M
 Heap Min Capacity: 8M
 Heap Initial Capacity: 124M
 Heap Max Capacity: 1982M
 Pre-touch: Disabled
 Parallel Workers: 4
 Concurrent Workers: 1
 Concurrent Refinement Workers: 4
 Periodic GC: Disabled

Heap:
 garbage-first heap   total 133120K, used 88488K [0x0000000084200000, 0x0000000100000000)
  region size 1024K, 42 young (43008K), 3 survivors (3072K)
 Metaspace       used 97875K, committed 98880K, reserved 1179648K
  class space    used 13095K, committed 13632K, reserved 1048576K

Heap Regions: E=young(eden), S=young(survivor), O=old, HS=humongous(starts), HC=humongous(continues), CS=collection set, F=free, TAMS=top-at-mark-start, PB=parsable bottom
|   0|0x0000000084200000, 0x0000000084300000, 0x0000000084300000|100%|HS|  |TAMS 0x0000000084200000| PB 0x0000000084200000| Complete 
|   1|0x0000000084300000, 0x0000000084400000, 0x0000000084400000|100%|HS|  |TAMS 0x0000000084300000| PB 0x0000000084300000| Complete 
|   2|0x0000000084400000, 0x0000000084500000, 0x0000000084500000|100%| O|  |TAMS 0x0000000084400000| PB 0x0000000084400000| Untracked 
|   3|0x0000000084500000, 0x0000000084600000, 0x0000000084600000|100%| O|  |TAMS 0x0000000084500000| PB 0x0000000084500000| Untracked 
|   4|0x0000000084600000, 0x0000000084700000, 0x0000000084700000|100%| O|  |TAMS 0x0000000084600000| PB 0x0000000084600000| Untracked 
|   5|0x0000000084700000, 0x0000000084800000, 0x0000000084800000|100%| O|  |TAMS 0x0000000084700000| PB 0x0000000084700000| Untracked 
|   6|0x0000000084800000, 0x0000000084900000, 0x0000000084900000|100%| O|  |TAMS 0x0000000084800000| PB 0x0000000084800000| Untracked 
|   7|0x0000000084900000, 0x0000000084a00000, 0x0000000084a00000|100%| O|Cm|TAMS 0x0000000084900000| PB 0x0000000084900000| Complete 
|   8|0x0000000084a00000, 0x0000000084b00000, 0x0000000084b00000|100%| O|  |TAMS 0x0000000084a00000| PB 0x0000000084a00000| Untracked 
|   9|0x0000000084b00000, 0x0000000084c00000, 0x0000000084c00000|100%| O|  |TAMS 0x0000000084b00000| PB 0x0000000084b00000| Untracked 
|  10|0x0000000084c00000, 0x0000000084d00000, 0x0000000084d00000|100%| O|  |TAMS 0x0000000084c00000| PB 0x0000000084c00000| Untracked 
|  11|0x0000000084d00000, 0x0000000084e00000, 0x0000000084e00000|100%| O|  |TAMS 0x0000000084d00000| PB 0x0000000084d00000| Untracked 
|  12|0x0000000084e00000, 0x0000000084f00000, 0x0000000084f00000|100%| O|  |TAMS 0x0000000084e00000| PB 0x0000000084e00000| Untracked 
|  13|0x0000000084f00000, 0x0000000085000000, 0x0000000085000000|100%| O|  |TAMS 0x0000000084f00000| PB 0x0000000084f00000| Untracked 
|  14|0x0000000085000000, 0x0000000085100000, 0x0000000085100000|100%| O|  |TAMS 0x0000000085000000| PB 0x0000000085000000| Untracked 
|  15|0x0000000085100000, 0x0000000085200000, 0x0000000085200000|100%| O|  |TAMS 0x0000000085100000| PB 0x0000000085100000| Untracked 
|  16|0x0000000085200000, 0x0000000085300000, 0x0000000085300000|100%| O|  |TAMS 0x0000000085200000| PB 0x0000000085200000| Untracked 
|  17|0x0000000085300000, 0x0000000085400000, 0x0000000085400000|100%| O|  |TAMS 0x0000000085300000| PB 0x0000000085300000| Untracked 
|  18|0x0000000085400000, 0x0000000085500000, 0x0000000085500000|100%| O|  |TAMS 0x0000000085400000| PB 0x0000000085400000| Untracked 
|  19|0x0000000085500000, 0x0000000085600000, 0x0000000085600000|100%| O|  |TAMS 0x0000000085500000| PB 0x0000000085500000| Untracked 
|  20|0x0000000085600000, 0x0000000085700000, 0x0000000085700000|100%| O|Cm|TAMS 0x0000000085600000| PB 0x0000000085600000| Complete 
|  21|0x0000000085700000, 0x0000000085800000, 0x0000000085800000|100%| O|  |TAMS 0x0000000085700000| PB 0x0000000085700000| Untracked 
|  22|0x0000000085800000, 0x0000000085900000, 0x0000000085900000|100%| O|  |TAMS 0x0000000085800000| PB 0x0000000085800000| Untracked 
|  23|0x0000000085900000, 0x0000000085a00000, 0x0000000085a00000|100%| O|Cm|TAMS 0x0000000085900000| PB 0x0000000085900000| Complete 
|  24|0x0000000085a00000, 0x0000000085b00000, 0x0000000085b00000|100%| O|  |TAMS 0x0000000085a00000| PB 0x0000000085a00000| Untracked 
|  25|0x0000000085b00000, 0x0000000085c00000, 0x0000000085c00000|100%| O|  |TAMS 0x0000000085b00000| PB 0x0000000085b00000| Untracked 
|  26|0x0000000085c00000, 0x0000000085d00000, 0x0000000085d00000|100%| O|Cm|TAMS 0x0000000085c00000| PB 0x0000000085c00000| Complete 
|  27|0x0000000085d00000, 0x0000000085e00000, 0x0000000085e00000|100%| O|  |TAMS 0x0000000085d00000| PB 0x0000000085d00000| Untracked 
|  28|0x0000000085e00000, 0x0000000085f00000, 0x0000000085f00000|100%| O|  |TAMS 0x0000000085e00000| PB 0x0000000085e00000| Untracked 
|  29|0x0000000085f00000, 0x0000000086000000, 0x0000000086000000|100%| O|  |TAMS 0x0000000085f00000| PB 0x0000000085f00000| Untracked 
|  30|0x0000000086000000, 0x0000000086100000, 0x0000000086100000|100%| O|  |TAMS 0x0000000086000000| PB 0x0000000086000000| Untracked 
|  31|0x0000000086100000, 0x0000000086200000, 0x0000000086200000|100%| O|  |TAMS 0x0000000086100000| PB 0x0000000086100000| Untracked 
|  32|0x0000000086200000, 0x0000000086300000, 0x0000000086300000|100%| O|  |TAMS 0x0000000086200000| PB 0x0000000086200000| Untracked 
|  33|0x0000000086300000, 0x0000000086400000, 0x0000000086400000|100%| O|Cm|TAMS 0x0000000086300000| PB 0x0000000086300000| Complete 
|  34|0x0000000086400000, 0x0000000086500000, 0x0000000086500000|100%| O|  |TAMS 0x0000000086400000| PB 0x0000000086400000| Untracked 
|  35|0x0000000086500000, 0x0000000086500000, 0x0000000086600000|  0%| F|  |TAMS 0x0000000086500000| PB 0x0000000086500000| Untracked 
|  36|0x0000000086600000, 0x0000000086700000, 0x0000000086700000|100%| O|Cm|TAMS 0x0000000086600000| PB 0x0000000086600000| Complete 
|  37|0x0000000086700000, 0x0000000086800000, 0x0000000086800000|100%| O|  |TAMS 0x0000000086700000| PB 0x0000000086700000| Untracked 
|  38|0x0000000086800000, 0x0000000086900000, 0x0000000086900000|100%| O|Cm|TAMS 0x0000000086800000| PB 0x0000000086800000| Complete 
|  39|0x0000000086900000, 0x0000000086a00000, 0x0000000086a00000|100%| O|Cm|TAMS 0x0000000086900000| PB 0x0000000086900000| Complete 
|  40|0x0000000086a00000, 0x0000000086a00000, 0x0000000086b00000|  0%| F|  |TAMS 0x0000000086a00000| PB 0x0000000086a00000| Untracked 
|  41|0x0000000086b00000, 0x0000000086c00000, 0x0000000086c00000|100%| O|Cm|TAMS 0x0000000086b00000| PB 0x0000000086b00000| Complete 
|  42|0x0000000086c00000, 0x0000000086d00000, 0x0000000086d00000|100%| O|  |TAMS 0x0000000086c00000| PB 0x0000000086c00000| Untracked 
|  43|0x0000000086d00000, 0x0000000086da2ef8, 0x0000000086e00000| 63%| O|  |TAMS 0x0000000086d00000| PB 0x0000000086d00000| Untracked 
|  44|0x0000000086e00000, 0x0000000086e00000, 0x0000000086f00000|  0%| F|  |TAMS 0x0000000086e00000| PB 0x0000000086e00000| Untracked 
|  45|0x0000000086f00000, 0x0000000086f00000, 0x0000000087000000|  0%| F|  |TAMS 0x0000000086f00000| PB 0x0000000086f00000| Untracked 
|  46|0x0000000087000000, 0x0000000087000000, 0x0000000087100000|  0%| F|  |TAMS 0x0000000087000000| PB 0x0000000087000000| Untracked 
|  47|0x0000000087100000, 0x0000000087200000, 0x0000000087200000|100%| O|  |TAMS 0x0000000087100000| PB 0x0000000087100000| Untracked 
|  48|0x0000000087200000, 0x0000000087200000, 0x0000000087300000|  0%| F|  |TAMS 0x0000000087200000| PB 0x0000000087200000| Untracked 
|  49|0x0000000087300000, 0x0000000087300000, 0x0000000087400000|  0%| F|  |TAMS 0x0000000087300000| PB 0x0000000087300000| Untracked 
|  50|0x0000000087400000, 0x0000000087500000, 0x0000000087500000|100%| O|  |TAMS 0x0000000087400000| PB 0x0000000087400000| Untracked 
|  51|0x0000000087500000, 0x0000000087600000, 0x0000000087600000|100%| O|  |TAMS 0x0000000087500000| PB 0x0000000087500000| Untracked 
|  52|0x0000000087600000, 0x0000000087700000, 0x0000000087700000|100%| O|Cm|TAMS 0x0000000087600000| PB 0x0000000087600000| Complete 
|  53|0x0000000087700000, 0x0000000087800000, 0x0000000087800000|100%| O|Cm|TAMS 0x0000000087700000| PB 0x0000000087700000| Complete 
|  54|0x0000000087800000, 0x00000000878c7240, 0x0000000087900000| 77%| S|CS|TAMS 0x0000000087800000| PB 0x0000000087800000| Complete 
|  55|0x0000000087900000, 0x0000000087a00000, 0x0000000087a00000|100%| S|CS|TAMS 0x0000000087900000| PB 0x0000000087900000| Complete 
|  56|0x0000000087a00000, 0x0000000087a00000, 0x0000000087b00000|  0%| F|  |TAMS 0x0000000087a00000| PB 0x0000000087a00000| Untracked 
|  57|0x0000000087b00000, 0x0000000087c00000, 0x0000000087c00000|100%| S|CS|TAMS 0x0000000087b00000| PB 0x0000000087b00000| Complete 
|  58|0x0000000087c00000, 0x0000000087c00000, 0x0000000087d00000|  0%| F|  |TAMS 0x0000000087c00000| PB 0x0000000087c00000| Untracked 
|  59|0x0000000087d00000, 0x0000000087d00000, 0x0000000087e00000|  0%| F|  |TAMS 0x0000000087d00000| PB 0x0000000087d00000| Untracked 
|  60|0x0000000087e00000, 0x0000000087e00000, 0x0000000087f00000|  0%| F|  |TAMS 0x0000000087e00000| PB 0x0000000087e00000| Untracked 
|  61|0x0000000087f00000, 0x0000000087f00000, 0x0000000088000000|  0%| F|  |TAMS 0x0000000087f00000| PB 0x0000000087f00000| Untracked 
|  62|0x0000000088000000, 0x0000000088000000, 0x0000000088100000|  0%| F|  |TAMS 0x0000000088000000| PB 0x0000000088000000| Untracked 
|  63|0x0000000088100000, 0x0000000088100000, 0x0000000088200000|  0%| F|  |TAMS 0x0000000088100000| PB 0x0000000088100000| Untracked 
|  64|0x0000000088200000, 0x0000000088200000, 0x0000000088300000|  0%| F|  |TAMS 0x0000000088200000| PB 0x0000000088200000| Untracked 
|  65|0x0000000088300000, 0x0000000088300000, 0x0000000088400000|  0%| F|  |TAMS 0x0000000088300000| PB 0x0000000088300000| Untracked 
|  66|0x0000000088400000, 0x0000000088400000, 0x0000000088500000|  0%| F|  |TAMS 0x0000000088400000| PB 0x0000000088400000| Untracked 
|  67|0x0000000088500000, 0x0000000088500000, 0x0000000088600000|  0%| F|  |TAMS 0x0000000088500000| PB 0x0000000088500000| Untracked 
|  68|0x0000000088600000, 0x0000000088600000, 0x0000000088700000|  0%| F|  |TAMS 0x0000000088600000| PB 0x0000000088600000| Untracked 
|  69|0x0000000088700000, 0x0000000088700000, 0x0000000088800000|  0%| F|  |TAMS 0x0000000088700000| PB 0x0000000088700000| Untracked 
|  70|0x0000000088800000, 0x0000000088800000, 0x0000000088900000|  0%| F|  |TAMS 0x0000000088800000| PB 0x0000000088800000| Untracked 
|  71|0x0000000088900000, 0x0000000088900000, 0x0000000088a00000|  0%| F|  |TAMS 0x0000000088900000| PB 0x0000000088900000| Untracked 
|  72|0x0000000088a00000, 0x0000000088a00000, 0x0000000088b00000|  0%| F|  |TAMS 0x0000000088a00000| PB 0x0000000088a00000| Untracked 
|  73|0x0000000088b00000, 0x0000000088b00000, 0x0000000088c00000|  0%| F|  |TAMS 0x0000000088b00000| PB 0x0000000088b00000| Untracked 
|  74|0x0000000088c00000, 0x0000000088c00000, 0x0000000088d00000|  0%| F|  |TAMS 0x0000000088c00000| PB 0x0000000088c00000| Untracked 
|  75|0x0000000088d00000, 0x0000000088d00000, 0x0000000088e00000|  0%| F|  |TAMS 0x0000000088d00000| PB 0x0000000088d00000| Untracked 
|  76|0x0000000088e00000, 0x0000000088e00000, 0x0000000088f00000|  0%| F|  |TAMS 0x0000000088e00000| PB 0x0000000088e00000| Untracked 
|  77|0x0000000088f00000, 0x0000000088f00000, 0x0000000089000000|  0%| F|  |TAMS 0x0000000088f00000| PB 0x0000000088f00000| Untracked 
|  78|0x0000000089000000, 0x0000000089000000, 0x0000000089100000|  0%| F|  |TAMS 0x0000000089000000| PB 0x0000000089000000| Untracked 
|  79|0x0000000089100000, 0x0000000089100000, 0x0000000089200000|  0%| F|  |TAMS 0x0000000089100000| PB 0x0000000089100000| Untracked 
|  80|0x0000000089200000, 0x0000000089200000, 0x0000000089300000|  0%| F|  |TAMS 0x0000000089200000| PB 0x0000000089200000| Untracked 
|  81|0x0000000089300000, 0x0000000089300000, 0x0000000089400000|  0%| F|  |TAMS 0x0000000089300000| PB 0x0000000089300000| Untracked 
|  82|0x0000000089400000, 0x0000000089400000, 0x0000000089500000|  0%| F|  |TAMS 0x0000000089400000| PB 0x0000000089400000| Untracked 
|  83|0x0000000089500000, 0x0000000089500000, 0x0000000089600000|  0%| F|  |TAMS 0x0000000089500000| PB 0x0000000089500000| Untracked 
|  84|0x0000000089600000, 0x0000000089600000, 0x0000000089700000|  0%| F|  |TAMS 0x0000000089600000| PB 0x0000000089600000| Untracked 
|  85|0x0000000089700000, 0x0000000089700000, 0x0000000089800000|  0%| F|  |TAMS 0x0000000089700000| PB 0x0000000089700000| Untracked 
|  86|0x0000000089800000, 0x0000000089800000, 0x0000000089900000|  0%| F|  |TAMS 0x0000000089800000| PB 0x0000000089800000| Untracked 
|  87|0x0000000089900000, 0x0000000089900000, 0x0000000089a00000|  0%| F|  |TAMS 0x0000000089900000| PB 0x0000000089900000| Untracked 
|  88|0x0000000089a00000, 0x0000000089a00000, 0x0000000089b00000|  0%| F|  |TAMS 0x0000000089a00000| PB 0x0000000089a00000| Untracked 
|  89|0x0000000089b00000, 0x0000000089b00000, 0x0000000089c00000|  0%| F|  |TAMS 0x0000000089b00000| PB 0x0000000089b00000| Untracked 
|  90|0x0000000089c00000, 0x0000000089c00000, 0x0000000089d00000|  0%| F|  |TAMS 0x0000000089c00000| PB 0x0000000089c00000| Untracked 
|  91|0x0000000089d00000, 0x0000000089d38bd0, 0x0000000089e00000| 22%| E|  |TAMS 0x0000000089d00000| PB 0x0000000089d00000| Complete 
|  92|0x0000000089e00000, 0x0000000089f00000, 0x0000000089f00000|100%| E|CS|TAMS 0x0000000089e00000| PB 0x0000000089e00000| Complete 
|  93|0x0000000089f00000, 0x000000008a000000, 0x000000008a000000|100%| E|CS|TAMS 0x0000000089f00000| PB 0x0000000089f00000| Complete 
|  94|0x000000008a000000, 0x000000008a100000, 0x000000008a100000|100%| E|CS|TAMS 0x000000008a000000| PB 0x000000008a000000| Complete 
|  95|0x000000008a100000, 0x000000008a200000, 0x000000008a200000|100%| E|CS|TAMS 0x000000008a100000| PB 0x000000008a100000| Complete 
|  96|0x000000008a200000, 0x000000008a300000, 0x000000008a300000|100%| E|CS|TAMS 0x000000008a200000| PB 0x000000008a200000| Complete 
|  97|0x000000008a300000, 0x000000008a400000, 0x000000008a400000|100%| E|CS|TAMS 0x000000008a300000| PB 0x000000008a300000| Complete 
|  98|0x000000008a400000, 0x000000008a500000, 0x000000008a500000|100%| E|CS|TAMS 0x000000008a400000| PB 0x000000008a400000| Complete 
|  99|0x000000008a500000, 0x000000008a600000, 0x000000008a600000|100%| E|CS|TAMS 0x000000008a500000| PB 0x000000008a500000| Complete 
| 100|0x000000008a600000, 0x000000008a700000, 0x000000008a700000|100%| E|CS|TAMS 0x000000008a600000| PB 0x000000008a600000| Complete 
| 101|0x000000008a700000, 0x000000008a800000, 0x000000008a800000|100%| E|CS|TAMS 0x000000008a700000| PB 0x000000008a700000| Complete 
| 102|0x000000008a800000, 0x000000008a900000, 0x000000008a900000|100%| E|CS|TAMS 0x000000008a800000| PB 0x000000008a800000| Complete 
| 103|0x000000008a900000, 0x000000008aa00000, 0x000000008aa00000|100%| E|CS|TAMS 0x000000008a900000| PB 0x000000008a900000| Complete 
| 104|0x000000008aa00000, 0x000000008ab00000, 0x000000008ab00000|100%| E|  |TAMS 0x000000008aa00000| PB 0x000000008aa00000| Complete 
| 105|0x000000008ab00000, 0x000000008ac00000, 0x000000008ac00000|100%| E|CS|TAMS 0x000000008ab00000| PB 0x000000008ab00000| Complete 
| 106|0x000000008ac00000, 0x000000008ad00000, 0x000000008ad00000|100%| E|CS|TAMS 0x000000008ac00000| PB 0x000000008ac00000| Complete 
| 107|0x000000008ad00000, 0x000000008ae00000, 0x000000008ae00000|100%| E|CS|TAMS 0x000000008ad00000| PB 0x000000008ad00000| Complete 
| 108|0x000000008ae00000, 0x000000008af00000, 0x000000008af00000|100%| E|CS|TAMS 0x000000008ae00000| PB 0x000000008ae00000| Complete 
| 109|0x000000008af00000, 0x000000008b000000, 0x000000008b000000|100%| E|CS|TAMS 0x000000008af00000| PB 0x000000008af00000| Complete 
| 110|0x000000008b000000, 0x000000008b100000, 0x000000008b100000|100%| E|CS|TAMS 0x000000008b000000| PB 0x000000008b000000| Complete 
| 111|0x000000008b100000, 0x000000008b200000, 0x000000008b200000|100%| E|CS|TAMS 0x000000008b100000| PB 0x000000008b100000| Complete 
| 112|0x000000008b200000, 0x000000008b300000, 0x000000008b300000|100%| E|CS|TAMS 0x000000008b200000| PB 0x000000008b200000| Complete 
| 113|0x000000008b300000, 0x000000008b400000, 0x000000008b400000|100%| E|CS|TAMS 0x000000008b300000| PB 0x000000008b300000| Complete 
| 114|0x000000008b400000, 0x000000008b500000, 0x000000008b500000|100%| E|CS|TAMS 0x000000008b400000| PB 0x000000008b400000| Complete 
| 115|0x000000008b500000, 0x000000008b600000, 0x000000008b600000|100%| E|CS|TAMS 0x000000008b500000| PB 0x000000008b500000| Complete 
| 116|0x000000008b600000, 0x000000008b700000, 0x000000008b700000|100%| E|CS|TAMS 0x000000008b600000| PB 0x000000008b600000| Complete 
| 117|0x000000008b700000, 0x000000008b800000, 0x000000008b800000|100%| E|CS|TAMS 0x000000008b700000| PB 0x000000008b700000| Complete 
| 118|0x000000008b800000, 0x000000008b900000, 0x000000008b900000|100%| E|CS|TAMS 0x000000008b800000| PB 0x000000008b800000| Complete 
| 119|0x000000008b900000, 0x000000008ba00000, 0x000000008ba00000|100%| E|CS|TAMS 0x000000008b900000| PB 0x000000008b900000| Complete 
| 120|0x000000008ba00000, 0x000000008bb00000, 0x000000008bb00000|100%| E|CS|TAMS 0x000000008ba00000| PB 0x000000008ba00000| Complete 
| 121|0x000000008bb00000, 0x000000008bc00000, 0x000000008bc00000|100%| E|CS|TAMS 0x000000008bb00000| PB 0x000000008bb00000| Complete 
| 122|0x000000008bc00000, 0x000000008bd00000, 0x000000008bd00000|100%| E|CS|TAMS 0x000000008bc00000| PB 0x000000008bc00000| Complete 
| 123|0x000000008bd00000, 0x000000008be00000, 0x000000008be00000|100%| E|CS|TAMS 0x000000008bd00000| PB 0x000000008bd00000| Complete 
| 124|0x000000008be00000, 0x000000008bf00000, 0x000000008bf00000|100%| E|CS|TAMS 0x000000008be00000| PB 0x000000008be00000| Complete 
| 125|0x000000008bf00000, 0x000000008c000000, 0x000000008c000000|100%| E|CS|TAMS 0x000000008bf00000| PB 0x000000008bf00000| Complete 
| 126|0x000000008c000000, 0x000000008c100000, 0x000000008c100000|100%| E|CS|TAMS 0x000000008c000000| PB 0x000000008c000000| Complete 
| 127|0x000000008c100000, 0x000000008c200000, 0x000000008c200000|100%| E|CS|TAMS 0x000000008c100000| PB 0x000000008c100000| Complete 
|1980|0x00000000ffe00000, 0x00000000fff00000, 0x00000000fff00000|100%| E|CS|TAMS 0x00000000ffe00000| PB 0x00000000ffe00000| Complete 
|1981|0x00000000fff00000, 0x0000000100000000, 0x0000000100000000|100%| E|CS|TAMS 0x00000000fff00000| PB 0x00000000fff00000| Complete 

Card table byte_map: [0x00000207233a0000,0x0000020723780000] _byte_map_base: 0x0000020722f7f000

Marking Bits: (CMBitMap*) 0x0000020709d0ddc0
 Bits: [0x0000020723780000, 0x0000020725678000)

Polling page: 0x0000020709d70000

Metaspace:

Usage:
  Non-class:     82.79 MB used.
      Class:     12.79 MB used.
       Both:     95.58 MB used.

Virtual space:
  Non-class space:      128.00 MB reserved,      83.25 MB ( 65%) committed,  2 nodes.
      Class space:        1.00 GB reserved,      13.31 MB (  1%) committed,  1 nodes.
             Both:        1.12 GB reserved,      96.56 MB (  8%) committed. 

Chunk freelists:
   Non-Class:  12.37 MB
       Class:  2.83 MB
        Both:  15.20 MB

MaxMetaspaceSize: unlimited
CompressedClassSpaceSize: 1.00 GB
Initial GC threshold: 21.00 MB
Current GC threshold: 160.44 MB
CDS: on
 - commit_granule_bytes: 65536.
 - commit_granule_words: 8192.
 - virtual_space_node_default_size: 8388608.
 - enlarge_chunks_in_place: 1.
 - use_allocation_guard: 0.


Internal statistics:

num_allocs_failed_limit: 15.
num_arena_births: 1566.
num_arena_deaths: 540.
num_vsnodes_births: 3.
num_vsnodes_deaths: 0.
num_space_committed: 1545.
num_space_uncommitted: 0.
num_chunks_returned_to_freelist: 640.
num_chunks_taken_from_freelist: 5331.
num_chunk_merges: 177.
num_chunk_splits: 3661.
num_chunks_enlarged: 2750.
num_inconsistent_stats: 0.

CodeHeap 'non-profiled nmethods': size=120000Kb used=6135Kb max_used=6698Kb free=113864Kb
 bounds [0x000002071b560000, 0x000002071bbf0000, 0x0000020722a90000]
CodeHeap 'profiled nmethods': size=120000Kb used=18883Kb max_used=20755Kb free=101117Kb
 bounds [0x0000020713a90000, 0x0000020714ee0000, 0x000002071afc0000]
CodeHeap 'non-nmethods': size=5760Kb used=2031Kb max_used=2066Kb free=3728Kb
 bounds [0x000002071afc0000, 0x000002071b230000, 0x000002071b560000]
 total_blobs=9947 nmethods=9147 adapters=701
 compilation: enabled
              stopped_count=0, restarted_count=0
 full_count=0

Compilation events (20 events):
Event: 2792.053 Thread 0x0000020727c88e80 nmethod 14183 0x000002071b90c110 code [0x000002071b90c7a0, 0x000002071b90f7f0]
Event: 2792.053 Thread 0x0000020727c88e80 14185       4       java.lang.invoke.DirectMethodHandle::checkBase (5 bytes)
Event: 2792.054 Thread 0x0000020727c88e80 nmethod 14185 0x000002071b90bc90 code [0x000002071b90be20, 0x000002071b90bea8]
Event: 2792.054 Thread 0x0000020727c88e80 14184       4       org.hibernate.proxy.pojo.BasicLazyInitializer::invoke (189 bytes)
Event: 2792.057 Thread 0x0000020727c88e80 nmethod 14184 0x000002071b78c310 code [0x000002071b78c500, 0x000002071b78ca18]
Event: 2792.068 Thread 0x0000020727c9dd50 14188       3       org.postgresql.core.Parser::parseValuesKeyword (93 bytes)
Event: 2792.068 Thread 0x0000020727c9dd50 nmethod 14188 0x0000020713bdbd10 code [0x0000020713bdbec0, 0x0000020713bdc288]
Event: 2792.091 Thread 0x0000020727c9dd50 14189       3       com.fasterxml.jackson.core.io.IOContext::_verifyRelease (18 bytes)
Event: 2792.092 Thread 0x0000020727c9dd50 nmethod 14189 0x0000020713bdb710 code [0x0000020713bdb8e0, 0x0000020713bdbb98]
Event: 2792.092 Thread 0x0000020727c9dd50 14191       3       com.fasterxml.jackson.databind.util.internal.PrivateMaxEntriesMap::drainReadBuffers (37 bytes)
Event: 2792.092 Thread 0x0000020727c9dd50 nmethod 14191 0x0000020713bdb090 code [0x0000020713bdb260, 0x0000020713bdb588]
Event: 2792.092 Thread 0x0000020727c9dd50 14190       3       com.fasterxml.jackson.databind.util.internal.PrivateMaxEntriesMap::drainBuffers (9 bytes)
Event: 2792.092 Thread 0x0000020727c9dd50 nmethod 14190 0x0000020714225e90 code [0x0000020714226040, 0x00000207142261c8]
Event: 2792.115 Thread 0x0000020727c9dd50 14192       1       org.apache.coyote.Request::remoteAddr (5 bytes)
Event: 2792.115 Thread 0x0000020727c9dd50 nmethod 14192 0x000002071b78c010 code [0x000002071b78c1a0, 0x000002071b78c268]
Event: 2792.229 Thread 0x0000020727c88e80 14193       4       java.nio.ByteBuffer::clear (7 bytes)
Event: 2792.230 Thread 0x0000020727c88e80 nmethod 14193 0x000002071b78bd10 code [0x000002071b78bea0, 0x000002071b78bf40]
Event: 2792.278 Thread 0x0000020727c9dd50 14194       3       com.fasterxml.jackson.databind.type.TypeBindings::invalidCacheKey (38 bytes)
Event: 2792.278 Thread 0x0000020727c9dd50 nmethod 14194 0x0000020713bdaa90 code [0x0000020713bdac40, 0x0000020713bdaf78]
Event: 2792.322 Thread 0x0000020727c88e80 14195       4       org.hibernate.internal.util.StringHelper::replace (56 bytes)

GC Heap History (20 events):
Event: 18.434 GC heap before
{Heap before GC invocations=26 (full 0):
 garbage-first heap   total 72704K, used 63749K [0x0000000084200000, 0x0000000100000000)
  region size 1024K, 15 young (15360K), 3 survivors (3072K)
 Metaspace       used 82800K, committed 83584K, reserved 1179648K
  class space    used 11412K, committed 11776K, reserved 1048576K
}
Event: 18.438 GC heap after
{Heap after GC invocations=27 (full 0):
 garbage-first heap   total 133120K, used 53326K [0x0000000084200000, 0x0000000100000000)
  region size 1024K, 2 young (2048K), 2 survivors (2048K)
 Metaspace       used 82800K, committed 83584K, reserved 1179648K
  class space    used 11412K, committed 11776K, reserved 1048576K
}
Event: 18.555 GC heap before
{Heap before GC invocations=28 (full 0):
 garbage-first heap   total 133120K, used 103502K [0x0000000084200000, 0x0000000100000000)
  region size 1024K, 51 young (52224K), 2 survivors (2048K)
 Metaspace       used 82806K, committed 83584K, reserved 1179648K
  class space    used 11410K, committed 11776K, reserved 1048576K
}
Event: 18.557 GC heap after
{Heap after GC invocations=29 (full 0):
 garbage-first heap   total 133120K, used 53148K [0x0000000084200000, 0x0000000100000000)
  region size 1024K, 1 young (1024K), 1 survivors (1024K)
 Metaspace       used 82806K, committed 83584K, reserved 1179648K
  class space    used 11410K, committed 11776K, reserved 1048576K
}
Event: 28.081 GC heap before
{Heap before GC invocations=29 (full 0):
 garbage-first heap   total 133120K, used 115612K [0x0000000084200000, 0x0000000100000000)
  region size 1024K, 63 young (64512K), 1 survivors (1024K)
 Metaspace       used 93060K, committed 93888K, reserved 1179648K
  class space    used 12851K, committed 13248K, reserved 1048576K
}
Event: 28.093 GC heap after
{Heap after GC invocations=30 (full 0):
 garbage-first heap   total 133120K, used 56830K [0x0000000084200000, 0x0000000100000000)
  region size 1024K, 6 young (6144K), 6 survivors (6144K)
 Metaspace       used 93060K, committed 93888K, reserved 1179648K
  class space    used 12851K, committed 13248K, reserved 1048576K
}
Event: 345.143 GC heap before
{Heap before GC invocations=30 (full 0):
 garbage-first heap   total 133120K, used 114174K [0x0000000084200000, 0x0000000100000000)
  region size 1024K, 62 young (63488K), 6 survivors (6144K)
 Metaspace       used 94570K, committed 95488K, reserved 1179648K
  class space    used 12998K, committed 13440K, reserved 1048576K
}
Event: 345.182 GC heap after
{Heap after GC invocations=31 (full 0):
 garbage-first heap   total 133120K, used 57563K [0x0000000084200000, 0x0000000100000000)
  region size 1024K, 1 young (1024K), 1 survivors (1024K)
 Metaspace       used 94570K, committed 95488K, reserved 1179648K
  class space    used 12998K, committed 13440K, reserved 1048576K
}
Event: 667.913 GC heap before
{Heap before GC invocations=32 (full 0):
 garbage-first heap   total 133120K, used 112859K [0x0000000084200000, 0x0000000100000000)
  region size 1024K, 59 young (60416K), 1 survivors (1024K)
 Metaspace       used 95570K, committed 96512K, reserved 1179648K
  class space    used 13090K, committed 13568K, reserved 1048576K
}
Event: 667.928 GC heap after
{Heap after GC invocations=33 (full 0):
 garbage-first heap   total 133120K, used 53773K [0x0000000084200000, 0x0000000100000000)
  region size 1024K, 2 young (2048K), 2 survivors (2048K)
 Metaspace       used 95570K, committed 96512K, reserved 1179648K
  class space    used 13090K, committed 13568K, reserved 1048576K
}
Event: 1046.398 GC heap before
{Heap before GC invocations=33 (full 0):
 garbage-first heap   total 133120K, used 119309K [0x0000000084200000, 0x0000000100000000)
  region size 1024K, 66 young (67584K), 2 survivors (2048K)
 Metaspace       used 96000K, committed 96960K, reserved 1179648K
  class space    used 13094K, committed 13568K, reserved 1048576K
}
Event: 1046.412 GC heap after
{Heap after GC invocations=34 (full 0):
 garbage-first heap   total 133120K, used 50317K [0x0000000084200000, 0x0000000100000000)
  region size 1024K, 2 young (2048K), 2 survivors (2048K)
 Metaspace       used 96000K, committed 96960K, reserved 1179648K
  class space    used 13094K, committed 13568K, reserved 1048576K
}
Event: 1453.829 GC heap before
{Heap before GC invocations=34 (full 0):
 garbage-first heap   total 133120K, used 121997K [0x0000000084200000, 0x0000000100000000)
  region size 1024K, 73 young (74752K), 2 survivors (2048K)
 Metaspace       used 96518K, committed 97472K, reserved 1179648K
  class space    used 13098K, committed 13568K, reserved 1048576K
}
Event: 1453.964 GC heap after
{Heap after GC invocations=35 (full 0):
 garbage-first heap   total 133120K, used 50508K [0x0000000084200000, 0x0000000100000000)
  region size 1024K, 2 young (2048K), 2 survivors (2048K)
 Metaspace       used 96518K, committed 97472K, reserved 1179648K
  class space    used 13098K, committed 13568K, reserved 1048576K
}
Event: 1844.100 GC heap before
{Heap before GC invocations=36 (full 0):
 garbage-first heap   total 133120K, used 123212K [0x0000000084200000, 0x0000000100000000)
  region size 1024K, 73 young (74752K), 2 survivors (2048K)
 Metaspace       used 97006K, committed 97984K, reserved 1179648K
  class space    used 13127K, committed 13568K, reserved 1048576K
}
Event: 1844.122 GC heap after
{Heap after GC invocations=37 (full 0):
 garbage-first heap   total 133120K, used 51457K [0x0000000084200000, 0x0000000100000000)
  region size 1024K, 3 young (3072K), 3 survivors (3072K)
 Metaspace       used 97006K, committed 97984K, reserved 1179648K
  class space    used 13127K, committed 13568K, reserved 1048576K
}
Event: 2281.131 GC heap before
{Heap before GC invocations=37 (full 0):
 garbage-first heap   total 133120K, used 121089K [0x0000000084200000, 0x0000000100000000)
  region size 1024K, 72 young (73728K), 3 survivors (3072K)
 Metaspace       used 97064K, committed 98112K, reserved 1179648K
  class space    used 13131K, committed 13632K, reserved 1048576K
}
Event: 2281.154 GC heap after
{Heap after GC invocations=38 (full 0):
 garbage-first heap   total 133120K, used 50264K [0x0000000084200000, 0x0000000100000000)
  region size 1024K, 3 young (3072K), 3 survivors (3072K)
 Metaspace       used 97064K, committed 98112K, reserved 1179648K
  class space    used 13131K, committed 13632K, reserved 1048576K
}
Event: 2646.473 GC heap before
{Heap before GC invocations=38 (full 0):
 garbage-first heap   total 133120K, used 120920K [0x0000000084200000, 0x0000000100000000)
  region size 1024K, 73 young (74752K), 3 survivors (3072K)
 Metaspace       used 97572K, committed 98560K, reserved 1179648K
  class space    used 13151K, committed 13632K, reserved 1048576K
}
Event: 2646.488 GC heap after
{Heap after GC invocations=39 (full 0):
 garbage-first heap   total 133120K, used 50600K [0x0000000084200000, 0x0000000100000000)
  region size 1024K, 3 young (3072K), 3 survivors (3072K)
 Metaspace       used 97572K, committed 98560K, reserved 1179648K
  class space    used 13151K, committed 13632K, reserved 1048576K
}

Dll operation events (13 events):
Event: 0.042 Loaded shared library C:\Program Files\Java\jdk-21\bin\java.dll
Event: 0.109 Loaded shared library C:\Program Files\Java\jdk-21\bin\jsvml.dll
Event: 0.233 Loaded shared library C:\Program Files\Java\jdk-21\bin\zip.dll
Event: 0.238 Loaded shared library C:\Program Files\Java\jdk-21\bin\instrument.dll
Event: 0.248 Loaded shared library C:\Program Files\Java\jdk-21\bin\net.dll
Event: 0.250 Loaded shared library C:\Program Files\Java\jdk-21\bin\nio.dll
Event: 0.255 Loaded shared library C:\Program Files\Java\jdk-21\bin\zip.dll
Event: 0.414 Loaded shared library C:\Program Files\JetBrains\IntelliJ IDEA Community Edition 2023.3.2\bin\breakgen64.dll
Event: 0.427 Loaded shared library C:\Program Files\Java\jdk-21\bin\extnet.dll
Event: 0.473 Loaded shared library C:\Program Files\Java\jdk-21\bin\jimage.dll
Event: 0.812 Loaded shared library C:\Program Files\Java\jdk-21\bin\management.dll
Event: 0.820 Loaded shared library C:\Program Files\Java\jdk-21\bin\management_ext.dll
Event: 2.252 Loaded shared library C:\Program Files\Java\jdk-21\bin\sunmscapi.dll

Deoptimization events (20 events):
Event: 2772.074 Thread 0x0000020772a1caf0 DEOPT PACKING pc=0x000002071b88a710 sp=0x000000ff1a0f9c00
Event: 2772.074 Thread 0x0000020772a1caf0 DEOPT UNPACKING pc=0x000002071b017da2 sp=0x000000ff1a0f9ba8 mode 2
Event: 2772.181 Thread 0x0000020772a1caf0 Uncommon trap: trap_request=0xfffffff4 fr.pc=0x000002071b872190 relative=0x0000000000003330
Event: 2772.181 Thread 0x0000020772a1caf0 Uncommon trap: reason=null_check action=make_not_entrant pc=0x000002071b872190 method=java.lang.Class.reflectionData()Ljava/lang/Class$ReflectionData; @ 18 c2
Event: 2772.181 Thread 0x0000020772a1caf0 DEOPT PACKING pc=0x000002071b872190 sp=0x000000ff1a0f9ca0
Event: 2772.181 Thread 0x0000020772a1caf0 DEOPT UNPACKING pc=0x000002071b017da2 sp=0x000000ff1a0f98b8 mode 2
Event: 2772.513 Thread 0x0000020772a1caf0 Uncommon trap: trap_request=0xfffffff4 fr.pc=0x000002071b6b6600 relative=0x00000000000000e0
Event: 2772.513 Thread 0x0000020772a1caf0 Uncommon trap: reason=null_check action=make_not_entrant pc=0x000002071b6b6600 method=org.hibernate.proxy.HibernateProxy.extractLazyInitializer(Ljava/lang/Object;)Lorg/hibernate/proxy/LazyInitializer; @ 1 c2
Event: 2772.513 Thread 0x0000020772a1caf0 DEOPT PACKING pc=0x000002071b6b6600 sp=0x000000ff1a0f8ae0
Event: 2772.513 Thread 0x0000020772a1caf0 DEOPT UNPACKING pc=0x000002071b017da2 sp=0x000000ff1a0f8a70 mode 2
Event: 2773.415 Thread 0x0000020772a1caf0 Uncommon trap: trap_request=0xfffffff4 fr.pc=0x000002071baeef30 relative=0x00000000000004d0
Event: 2773.415 Thread 0x0000020772a1caf0 Uncommon trap: reason=null_check action=make_not_entrant pc=0x000002071baeef30 method=java.lang.invoke.MethodTypeForm.cachedLambdaForm(I)Ljava/lang/invoke/LambdaForm; @ 15 c2
Event: 2773.415 Thread 0x0000020772a1caf0 DEOPT PACKING pc=0x000002071baeef30 sp=0x000000ff1a0f6fe0
Event: 2773.415 Thread 0x0000020772a1caf0 DEOPT UNPACKING pc=0x000002071b017da2 sp=0x000000ff1a0f6ea8 mode 2
Event: 2773.514 Thread 0x0000020772a1caf0 Uncommon trap: trap_request=0xffffff45 fr.pc=0x000002071bbd9414 relative=0x0000000000000214
Event: 2773.514 Thread 0x0000020772a1caf0 Uncommon trap: reason=unstable_if action=reinterpret pc=0x000002071bbd9414 method=java.util.Date.normalize()Lsun/util/calendar/BaseCalendar$Date; @ 45 c2
Event: 2773.515 Thread 0x0000020772a1caf0 DEOPT PACKING pc=0x000002071bbd9414 sp=0x000000ff1a0f7dc0
Event: 2773.515 Thread 0x0000020772a1caf0 DEOPT UNPACKING pc=0x000002071b017da2 sp=0x000000ff1a0f7d80 mode 2
Event: 2789.058 Thread 0x000002076d8196e0 DEOPT PACKING pc=0x0000020714156900 sp=0x000000ff19dfbd90
Event: 2789.058 Thread 0x000002076d8196e0 DEOPT UNPACKING pc=0x000002071b0188e2 sp=0x000000ff19dfb1a0 mode 0

Classes loaded (20 events):
Event: 52.050 Loading class java/util/stream/ReferencePipeline$4
Event: 52.050 Loading class java/util/stream/ReferencePipeline$4 done
Event: 52.050 Loading class java/util/function/IntBinaryOperator
Event: 52.050 Loading class java/util/function/IntBinaryOperator done
Event: 52.050 Loading class java/util/stream/ReduceOps$7
Event: 52.051 Loading class java/util/stream/ReduceOps$7 done
Event: 52.051 Loading class java/util/stream/ReduceOps$6ReducingSink
Event: 52.051 Loading class java/util/stream/ReduceOps$6ReducingSink done
Event: 52.051 Loading class java/util/stream/ReferencePipeline$4$1
Event: 52.051 Loading class java/util/stream/ReferencePipeline$4$1 done
Event: 389.285 Loading class java/util/concurrent/locks/ReentrantReadWriteLock$Sync$HoldCounter
Event: 389.294 Loading class java/util/concurrent/locks/ReentrantReadWriteLock$Sync$HoldCounter done
Event: 1609.552 Loading class sun/security/ssl/Alert
Event: 1609.557 Loading class sun/security/ssl/Alert done
Event: 1609.558 Loading class sun/security/ssl/Alert$AlertConsumer
Event: 1609.560 Loading class sun/security/ssl/Alert$AlertConsumer done
Event: 1609.560 Loading class sun/security/ssl/Alert$Level
Event: 1609.561 Loading class sun/security/ssl/Alert$Level done
Event: 2771.830 Loading class java/io/PushbackInputStream
Event: 2771.838 Loading class java/io/PushbackInputStream done

Classes unloaded (20 events):
Event: 2646.673 Thread 0x0000020727c5b9e0 Unloading class 0x0000020729095000 'java/lang/invoke/LambdaForm$MH+0x0000020729095000'
Event: 2646.673 Thread 0x0000020727c5b9e0 Unloading class 0x0000020729094800 'java/lang/invoke/LambdaForm$MH+0x0000020729094800'
Event: 2646.673 Thread 0x0000020727c5b9e0 Unloading class 0x000002072901b400 'java/lang/invoke/LambdaForm$MH+0x000002072901b400'
Event: 2646.673 Thread 0x0000020727c5b9e0 Unloading class 0x000002072901ac00 'java/lang/invoke/LambdaForm$MH+0x000002072901ac00'
Event: 2646.673 Thread 0x0000020727c5b9e0 Unloading class 0x000002072901a400 'java/lang/invoke/LambdaForm$MH+0x000002072901a400'
Event: 2646.673 Thread 0x0000020727c5b9e0 Unloading class 0x000002072901a000 'java/lang/invoke/LambdaForm$MH+0x000002072901a000'
Event: 2646.673 Thread 0x0000020727c5b9e0 Unloading class 0x0000020729019000 'java/lang/invoke/LambdaForm$MH+0x0000020729019000'
Event: 2646.673 Thread 0x0000020727c5b9e0 Unloading class 0x0000020729018400 'java/lang/invoke/LambdaForm$MH+0x0000020729018400'
Event: 2646.673 Thread 0x0000020727c5b9e0 Unloading class 0x0000020729018000 'java/lang/invoke/LambdaForm$MH+0x0000020729018000'
Event: 2646.673 Thread 0x0000020727c5b9e0 Unloading class 0x0000020729017800 'java/lang/invoke/LambdaForm$MH+0x0000020729017800'
Event: 2646.673 Thread 0x0000020727c5b9e0 Unloading class 0x0000020729017400 'java/lang/invoke/LambdaForm$MH+0x0000020729017400'
Event: 2646.673 Thread 0x0000020727c5b9e0 Unloading class 0x0000020729017000 'java/lang/invoke/LambdaForm$MH+0x0000020729017000'
Event: 2646.673 Thread 0x0000020727c5b9e0 Unloading class 0x0000020729016400 'java/lang/invoke/LambdaForm$MH+0x0000020729016400'
Event: 2646.673 Thread 0x0000020727c5b9e0 Unloading class 0x0000020729015400 'java/lang/invoke/LambdaForm$MH+0x0000020729015400'
Event: 2646.673 Thread 0x0000020727c5b9e0 Unloading class 0x0000020729014800 'java/lang/invoke/LambdaForm$MH+0x0000020729014800'
Event: 2646.673 Thread 0x0000020727c5b9e0 Unloading class 0x0000020729014000 'java/lang/invoke/LambdaForm$MH+0x0000020729014000'
Event: 2646.673 Thread 0x0000020727c5b9e0 Unloading class 0x0000020729002400 'java/lang/invoke/LambdaForm$MH+0x0000020729002400'
Event: 2646.673 Thread 0x0000020727c5b9e0 Unloading class 0x0000020729002000 'java/lang/invoke/LambdaForm$MH+0x0000020729002000'
Event: 2646.673 Thread 0x0000020727c5b9e0 Unloading class 0x0000020729001c00 'java/lang/invoke/LambdaForm$MH+0x0000020729001c00'
Event: 2646.673 Thread 0x0000020727c5b9e0 Unloading class 0x0000020729001400 'java/lang/invoke/LambdaForm$MH+0x0000020729001400'

Classes redefined (0 events):
No events

Internal exceptions (20 events):
Event: 42.148 Thread 0x000002076d81aa90 Exception <a 'java/lang/IncompatibleClassChangeError'{0x000000008bcbec90}: Found class java.lang.Object, but interface was expected> (0x000000008bcbec90) 
thrown [s\open\src\hotspot\share\interpreter\linkResolver.cpp, line 840]
Event: 42.197 Thread 0x000002076d81aa90 Exception <a 'java/lang/NoSuchMethodError'{0x000000008bb11898}: 'void java.lang.invoke.Invokers$Holder.invokeExact_MT(java.lang.Object, java.lang.Object, int, java.lang.Object)'> (0x000000008bb11898) 
thrown [s\open\src\hotspot\share\interpreter\linkResolver.cpp, line 773]
Event: 42.571 Thread 0x000002076d81aa90 Exception <a 'java/lang/IncompatibleClassChangeError'{0x000000008bb44808}: Found class java.lang.Object, but interface was expected> (0x000000008bb44808) 
thrown [s\open\src\hotspot\share\interpreter\linkResolver.cpp, line 840]
Event: 350.229 Thread 0x0000020772a1dea0 Exception <a 'java/lang/NoSuchMethodError'{0x000000008c00cb70}: 'java.lang.Object java.lang.invoke.DirectMethodHandle$Holder.invokeInterface(java.lang.Object, java.lang.Object, java.lang.Object, java.lang.Object, java.lang.Object)'> (0x000000008c00cb70) 
thrown [s\open\src\hotspot\share\interpreter\linkResolver.cpp, line 773]
Event: 390.762 Thread 0x0000020772a1aa20 Exception <a 'java/lang/IncompatibleClassChangeError'{0x000000008b653ab8}: Found class java.lang.Object, but interface was expected> (0x000000008b653ab8) 
thrown [s\open\src\hotspot\share\interpreter\linkResolver.cpp, line 840]
Event: 393.564 Thread 0x0000020772a1aa20 Implicit null exception at 0x000002071ba66dfd to 0x000002071ba66f88
Event: 2072.335 Thread 0x000002076d81be40 Exception <a 'java/io/IOException'{0x0000000089e30b10}> (0x0000000089e30b10) 
thrown [s\open\src\hotspot\share\prims\jni.cpp, line 520]
Event: 2072.387 Thread 0x0000020772a1b0b0 Exception <a 'java/io/IOException'{0x0000000089e522c8}> (0x0000000089e522c8) 
thrown [s\open\src\hotspot\share\prims\jni.cpp, line 520]
Event: 2072.624 Thread 0x000002076d81aa90 Exception <a 'java/io/IOException'{0x0000000089e77990}> (0x0000000089e77990) 
thrown [s\open\src\hotspot\share\prims\jni.cpp, line 520]
Event: 2771.748 Thread 0x0000020772a1caf0 Implicit null exception at 0x000002071b5d3760 to 0x000002071b5d3bd5
Event: 2771.764 Thread 0x0000020772a1caf0 Implicit null exception at 0x000002071b788240 to 0x000002071b78859c
Event: 2771.766 Thread 0x0000020772a1caf0 Implicit null exception at 0x000002071b772491 to 0x000002071b772585
Event: 2771.783 Thread 0x0000020772a1caf0 Implicit null exception at 0x000002071b81e5ea to 0x000002071b8263b8
Event: 2772.048 Thread 0x0000020772a1caf0 Implicit null exception at 0x000002071b61003c to 0x000002071b610984
Event: 2772.064 Thread 0x0000020772a1caf0 Exception <a 'java/lang/NoSuchMethodError'{0x000000008aa82970}: 'void java.lang.invoke.DirectMethodHandle$Holder.invokeVirtual(java.lang.Object, java.lang.Object, java.lang.Object, java.lang.Object, java.lang.Object)'> (0x000000008aa82970) 
thrown [s\open\src\hotspot\share\interpreter\linkResolver.cpp, line 773]
Event: 2772.181 Thread 0x0000020772a1caf0 Implicit null exception at 0x000002071b86fa24 to 0x000002071b872160
Event: 2772.513 Thread 0x0000020772a1caf0 Implicit null exception at 0x000002071b6b653a to 0x000002071b6b65f6
Event: 2773.030 Thread 0x0000020772a1caf0 Exception <a 'java/lang/NoSuchMethodError'{0x000000008a8a2c48}: 'int java.lang.invoke.DirectMethodHandle$Holder.invokeStatic(java.lang.Object, java.lang.Object, int, java.lang.Object)'> (0x000000008a8a2c48) 
thrown [s\open\src\hotspot\share\interpreter\linkResolver.cpp, line 773]
Event: 2773.415 Thread 0x0000020772a1caf0 Implicit null exception at 0x000002071baeeb69 to 0x000002071baeef20
Event: 2773.420 Thread 0x0000020772a1caf0 Exception <a 'java/lang/NoSuchMethodError'{0x000000008a8e1728}: 'void java.lang.invoke.DirectMethodHandle$Holder.invokeStatic(java.lang.Object, int, java.lang.Object, java.lang.Object, java.lang.Object, java.lang.Object)'> (0x000000008a8e1728) 
thrown [s\open\src\hotspot\share\interpreter\linkResolver.cpp, line 773]

ZGC Phase Switch (0 events):
No events

VM Operations (20 events):
Event: 2772.397 Executing VM operation: HandshakeAllThreads (Deoptimize)
Event: 2772.397 Executing VM operation: HandshakeAllThreads (Deoptimize) done
Event: 2772.403 Executing VM operation: HandshakeAllThreads (Deoptimize)
Event: 2772.404 Executing VM operation: HandshakeAllThreads (Deoptimize) done
Event: 2773.406 Executing VM operation: Cleanup
Event: 2773.409 Executing VM operation: Cleanup done
Event: 2773.482 Executing VM operation: HandshakeAllThreads (Deoptimize)
Event: 2773.482 Executing VM operation: HandshakeAllThreads (Deoptimize) done
Event: 2773.531 Executing VM operation: HandshakeAllThreads (Deoptimize)
Event: 2773.625 Executing VM operation: HandshakeAllThreads (Deoptimize) done
Event: 2774.635 Executing VM operation: Cleanup
Event: 2774.635 Executing VM operation: Cleanup done
Event: 2781.724 Executing VM operation: Cleanup
Event: 2781.724 Executing VM operation: Cleanup done
Event: 2782.734 Executing VM operation: Cleanup
Event: 2782.734 Executing VM operation: Cleanup done
Event: 2789.817 Executing VM operation: Cleanup
Event: 2789.817 Executing VM operation: Cleanup done
Event: 2791.843 Executing VM operation: Cleanup
Event: 2791.861 Executing VM operation: Cleanup done

Events (20 events):
Event: 2646.796 Thread 0x0000020727c5b9e0 flushing nmethod 0x0000020713ae0490
Event: 2646.796 Thread 0x0000020727c5b9e0 flushing nmethod 0x0000020713ad9f10
Event: 2646.796 Thread 0x0000020727c5b9e0 flushing nmethod 0x0000020713ad1d10
Event: 2646.796 Thread 0x0000020727c5b9e0 flushing nmethod 0x0000020713a9e110
Event: 2646.796 Thread 0x0000020727c5b9e0 flushing nmethod 0x0000020713ab6310
Event: 2646.796 Thread 0x0000020727c5b9e0 flushing nmethod 0x0000020713ab3610
Event: 2646.796 Thread 0x0000020727c5b9e0 flushing nmethod 0x000002071bad8010
Event: 2646.796 Thread 0x0000020727c5b9e0 flushing nmethod 0x000002071baf5810
Event: 2646.796 Thread 0x0000020727c5b9e0 flushing nmethod 0x000002071baca390
Event: 2646.796 Thread 0x0000020727c5b9e0 flushing nmethod 0x000002071ba66c10
Event: 2646.796 Thread 0x0000020727c5b9e0 flushing nmethod 0x000002071ba08390
Event: 2646.796 Thread 0x0000020727c5b9e0 flushing nmethod 0x000002071b7a7b90
Event: 2646.796 Thread 0x0000020727c5b9e0 flushing nmethod 0x000002071b796190
Event: 2646.797 Thread 0x0000020727c5b9e0 flushing nmethod 0x000002071b860d10
Event: 2646.797 Thread 0x0000020727c5b9e0 flushing nmethod 0x000002071b84a110
Event: 2646.797 Thread 0x0000020727c5b9e0 flushing nmethod 0x000002071b626890
Event: 2646.797 Thread 0x0000020727c5b9e0 flushing nmethod 0x000002071b63ce90
Event: 2646.797 Thread 0x0000020727c5b9e0 flushing nmethod 0x000002071b5a7990
Event: 2772.815 Thread 0x000002076fccb670 Thread added: 0x000002076fccb670
Event: 2773.379 Thread 0x000002076fccb670 Thread exited: 0x000002076fccb670


Dynamic libraries:
0x00007ff6d6160000 - 0x00007ff6d6170000 	C:\Program Files\Java\jdk-21\bin\java.exe
0x00007ffda6980000 - 0x00007ffda6be7000 	C:\WINDOWS\SYSTEM32\ntdll.dll
0x00007ffda5bc0000 - 0x00007ffda5c89000 	C:\WINDOWS\System32\KERNEL32.DLL
0x00007ffda36b0000 - 0x00007ffda3aa4000 	C:\WINDOWS\System32\KERNELBASE.dll
0x00007ffda45c0000 - 0x00007ffda470b000 	C:\WINDOWS\System32\ucrtbase.dll
0x00007ffd6a320000 - 0x00007ffd6a339000 	C:\Program Files\Java\jdk-21\bin\jli.dll
0x00007ffda48f0000 - 0x00007ffda49a6000 	C:\WINDOWS\System32\ADVAPI32.dll
0x00007ffda6800000 - 0x00007ffda68a9000 	C:\WINDOWS\System32\msvcrt.dll
0x00007ffda4e10000 - 0x00007ffda4eb7000 	C:\WINDOWS\System32\sechost.dll
0x00007ffda49c0000 - 0x00007ffda4ad8000 	C:\WINDOWS\System32\RPCRT4.dll
0x00007ffda4be0000 - 0x00007ffda4da5000 	C:\WINDOWS\System32\USER32.dll
0x00007ffda4450000 - 0x00007ffda4477000 	C:\WINDOWS\System32\win32u.dll
0x00007ffda5d80000 - 0x00007ffda5dab000 	C:\WINDOWS\System32\GDI32.dll
0x00007ffda3ab0000 - 0x00007ffda3bdb000 	C:\WINDOWS\System32\gdi32full.dll
0x00007ffda4510000 - 0x00007ffda45b3000 	C:\WINDOWS\System32\msvcp_win.dll
0x00007ffd6a0e0000 - 0x00007ffd6a0fb000 	C:\Program Files\Java\jdk-21\bin\VCRUNTIME140.dll
0x00007ffd89c80000 - 0x00007ffd89f13000 	C:\WINDOWS\WinSxS\amd64_microsoft.windows.common-controls_6595b64144ccf1df_6.0.26100.8115_none_3e075c82e3354f9c\COMCTL32.dll
0x00007ffd94720000 - 0x00007ffd9472b000 	C:\WINDOWS\SYSTEM32\VERSION.dll
0x00007ffda5d40000 - 0x00007ffda5d72000 	C:\WINDOWS\System32\IMM32.DLL
0x00007ffd79330000 - 0x00007ffd7933c000 	C:\Program Files\Java\jdk-21\bin\vcruntime140_1.dll
0x00007ffd5a4d0000 - 0x00007ffd5a55e000 	C:\Program Files\Java\jdk-21\bin\msvcp140.dll
0x00007ffd219c0000 - 0x00007ffd226d5000 	C:\Program Files\Java\jdk-21\bin\server\jvm.dll
0x00007ffda5b30000 - 0x00007ffda5bb0000 	C:\WINDOWS\System32\WS2_32.dll
0x00007ffda30b0000 - 0x00007ffda310e000 	C:\WINDOWS\SYSTEM32\POWRPROF.dll
0x00007ffd9c340000 - 0x00007ffd9c376000 	C:\WINDOWS\SYSTEM32\WINMM.dll
0x00007ffda3090000 - 0x00007ffda30a4000 	C:\WINDOWS\SYSTEM32\UMPDC.dll
0x00007ffda1fe0000 - 0x00007ffda1ffb000 	C:\WINDOWS\SYSTEM32\kernel.appcore.dll
0x00007ffd785d0000 - 0x00007ffd785da000 	C:\Program Files\Java\jdk-21\bin\jimage.dll
0x00007ffda09f0000 - 0x00007ffda0c32000 	C:\WINDOWS\SYSTEM32\DBGHELP.DLL
0x00007ffda5db0000 - 0x00007ffda6132000 	C:\WINDOWS\System32\combase.dll
0x00007ffda4af0000 - 0x00007ffda4bc8000 	C:\WINDOWS\System32\OLEAUT32.dll
0x00007ffd81b30000 - 0x00007ffd81b6b000 	C:\WINDOWS\SYSTEM32\dbgcore.DLL
0x00007ffda3600000 - 0x00007ffda36a5000 	C:\WINDOWS\System32\bcryptPrimitives.dll
0x00007ffda0690000 - 0x00007ffda069f000 	C:\Program Files\Java\jdk-21\bin\instrument.dll
0x00007ffd68210000 - 0x00007ffd6822f000 	C:\Program Files\Java\jdk-21\bin\java.dll
0x00007ffda53c0000 - 0x00007ffda5b27000 	C:\WINDOWS\System32\SHELL32.dll
0x00007ffda3310000 - 0x00007ffda347a000 	C:\WINDOWS\System32\wintypes.dll
0x00007ffda3be0000 - 0x00007ffda4448000 	C:\WINDOWS\System32\windows.storage.dll
0x00007ffda5180000 - 0x00007ffda5278000 	C:\WINDOWS\System32\SHCORE.dll
0x00007ffda5350000 - 0x00007ffda53b6000 	C:\WINDOWS\System32\shlwapi.dll
0x00007ffda3170000 - 0x00007ffda3199000 	C:\WINDOWS\SYSTEM32\profapi.dll
0x00007ffd47b00000 - 0x00007ffd47bd7000 	C:\Program Files\Java\jdk-21\bin\jsvml.dll
0x00007ffd6d5e0000 - 0x00007ffd6d5f8000 	C:\Program Files\Java\jdk-21\bin\zip.dll
0x00007ffd78050000 - 0x00007ffd78060000 	C:\Program Files\Java\jdk-21\bin\net.dll
0x00007ffd964b0000 - 0x00007ffd965dd000 	C:\WINDOWS\SYSTEM32\WINHTTP.dll
0x00007ffda2550000 - 0x00007ffda25bc000 	C:\WINDOWS\system32\mswsock.dll
0x00007ffd86000000 - 0x00007ffd86016000 	C:\Program Files\Java\jdk-21\bin\nio.dll
0x00007ffd95d30000 - 0x00007ffd95d4a000 	C:\Program Files\JetBrains\IntelliJ IDEA Community Edition 2023.3.2\bin\breakgen64.dll
0x00007ffd85ff0000 - 0x00007ffd85ff7000 	C:\Program Files\Java\jdk-21\bin\extnet.dll
0x00007ffd950b0000 - 0x00007ffd950ba000 	C:\Program Files\Java\jdk-21\bin\management.dll
0x00007ffd950a0000 - 0x00007ffd950ab000 	C:\Program Files\Java\jdk-21\bin\management_ext.dll
0x00007ffda49b0000 - 0x00007ffda49b8000 	C:\WINDOWS\System32\PSAPI.DLL
0x00007ffd94e50000 - 0x00007ffd94e5e000 	C:\Program Files\Java\jdk-21\bin\sunmscapi.dll
0x00007ffda3480000 - 0x00007ffda35f7000 	C:\WINDOWS\System32\CRYPT32.dll
0x00007ffda2a50000 - 0x00007ffda2a80000 	C:\WINDOWS\SYSTEM32\ncrypt.dll
0x00007ffda2a00000 - 0x00007ffda2a3f000 	C:\WINDOWS\SYSTEM32\NTASN1.dll
0x00007ffda2830000 - 0x00007ffda284b000 	C:\WINDOWS\SYSTEM32\CRYPTSP.dll
0x00007ffda1f40000 - 0x00007ffda1f79000 	C:\WINDOWS\system32\rsaenh.dll
0x00007ffda2600000 - 0x00007ffda2633000 	C:\WINDOWS\SYSTEM32\USERENV.dll
0x00007ffda3140000 - 0x00007ffda316a000 	C:\WINDOWS\SYSTEM32\bcrypt.dll
0x00007ffda2850000 - 0x00007ffda285c000 	C:\WINDOWS\SYSTEM32\CRYPTBASE.dll
0x00007ffda1a70000 - 0x00007ffda1aa2000 	C:\WINDOWS\SYSTEM32\IPHLPAPI.DLL
0x00007ffda4ae0000 - 0x00007ffda4aea000 	C:\WINDOWS\System32\NSI.dll
0x00007ffda1ab0000 - 0x00007ffda1be2000 	C:\WINDOWS\SYSTEM32\DNSAPI.dll
0x00007ffd9bca0000 - 0x00007ffd9bcab000 	C:\Windows\System32\rasadhlp.dll
0x00007ffd9dba0000 - 0x00007ffd9dc26000 	C:\WINDOWS\System32\fwpuclnt.dll
0x00007ffd62a30000 - 0x00007ffd62a38000 	C:\WINDOWS\system32\wshunix.dll
0x00007ffd800e0000 - 0x00007ffd800f8000 	C:\WINDOWS\system32\napinsp.dll
0x00007ffd800c0000 - 0x00007ffd800d3000 	C:\WINDOWS\System32\winrnr.dll
0x00007ffd80090000 - 0x00007ffd800b2000 	C:\WINDOWS\system32\nlansp_c.dll
0x00007ffd80070000 - 0x00007ffd80086000 	C:\WINDOWS\system32\wshbth.dll
0x00007ffd9c320000 - 0x00007ffd9c33d000 	C:\WINDOWS\SYSTEM32\dhcpcsvc6.DLL
0x00007ffd9bc70000 - 0x00007ffd9bc95000 	C:\WINDOWS\SYSTEM32\dhcpcsvc.DLL

dbghelp: loaded successfully - version: 4.0.5 - missing functions: none
symbol engine: initialized successfully - sym options: 0x614 - pdb path: .;C:\Program Files\Java\jdk-21\bin;C:\WINDOWS\SYSTEM32;C:\WINDOWS\WinSxS\amd64_microsoft.windows.common-controls_6595b64144ccf1df_6.0.26100.8115_none_3e075c82e3354f9c;C:\Program Files\Java\jdk-21\bin\server;C:\Program Files\JetBrains\IntelliJ IDEA Community Edition 2023.3.2\bin

VM Arguments:
jvm_args: -javaagent:C:\Program Files\JetBrains\IntelliJ IDEA Community Edition 2023.3.2\lib\idea_rt.jar=53569:C:\Program Files\JetBrains\IntelliJ IDEA Community Edition 2023.3.2\bin -Dfile.encoding=UTF-8 -Dsun.stdout.encoding=UTF-8 -Dsun.stderr.encoding=UTF-8 
java_command: com.example.CampusUtsav.CampusUtsavApplication
java_class_path (initial): D:\CampusUtsav-Backend\CampusUtsav-Backend\target\classes;C:\Users\dell\.m2\repository\org\springframework\boot\spring-boot-starter-data-jpa\3.5.7\spring-boot-starter-data-jpa-3.5.7.jar;C:\Users\dell\.m2\repository\org\springframework\boot\spring-boot-starter\3.5.7\spring-boot-starter-3.5.7.jar;C:\Users\dell\.m2\repository\org\springframework\boot\spring-boot-starter-logging\3.5.7\spring-boot-starter-logging-3.5.7.jar;C:\Users\dell\.m2\repository\ch\qos\logback\logback-classic\1.5.20\logback-classic-1.5.20.jar;C:\Users\dell\.m2\repository\ch\qos\logback\logback-core\1.5.20\logback-core-1.5.20.jar;C:\Users\dell\.m2\repository\org\apache\logging\log4j\log4j-to-slf4j\2.24.3\log4j-to-slf4j-2.24.3.jar;C:\Users\dell\.m2\repository\org\apache\logging\log4j\log4j-api\2.24.3\log4j-api-2.24.3.jar;C:\Users\dell\.m2\repository\org\slf4j\jul-to-slf4j\2.0.17\jul-to-slf4j-2.0.17.jar;C:\Users\dell\.m2\repository\jakarta\annotation\jakarta.annotation-api\2.1.1\jakarta.annotation-api-2.1.1.jar;C:\Users\dell\.m2\repository\org\yaml\snakeyaml\2.4\snakeyaml-2.4.jar;C:\Users\dell\.m2\repository\org\springframework\boot\spring-boot-starter-jdbc\3.5.7\spring-boot-starter-jdbc-3.5.7.jar;C:\Users\dell\.m2\repository\com\zaxxer\HikariCP\6.3.3\HikariCP-6.3.3.jar;C:\Users\dell\.m2\repository\org\springframework\spring-jdbc\6.2.12\spring-jdbc-6.2.12.jar;C:\Users\dell\.m2\repository\org\hibernate\orm\hibernate-core\6.6.33.Final\hibernate-core-6.6.33.Final.jar;C:\Users\dell\.m2\repository\jakarta\persistence\jakarta.persistence-api\3.1.0\jakarta.persistence-api-3.1.0.jar;C:\Users\dell\.m2\repository\jakarta\transaction\jakarta.transaction-api\2.0.1\jakarta.transaction-api-2.0.1.jar;C:\Users\dell\.m2\repository\org\hibernate\common\hibernate-commons-annotations\7.0.3.Final\hibernate-commons-annotations-7.0.3.Final.jar;C:\Users\dell\.m2\repository\io\smallrye\jandex\3.2.0\jandex-3.2.0.jar;C:\Users\dell\.m2\repository\com\fasterxml\classmate\1.7.1\classmate-1.7.1.jar;C:\Users\dell\.m2\repository\net\bytebuddy\byte-buddy\1.17.8\byte-buddy-1.17.8.jar;C:\Users\dell\.m2\repository\org\glassfish\jaxb\jaxb-runtime\4.0.6\jaxb-runtime-4.0.6.jar;C:\Users\dell\.m2\repository\org\glassfish\jaxb\jaxb-core\4.0.6\jaxb-core-4.0.6.jar;C:\Users\dell\.m2\repository\org\glassfish\jaxb\txw2\4.0.6\txw2-4.0.6.jar;C:\Users\dell\.m2\repository\com\sun\istack\istack-commons-runtime\4.1.2\istack-commons-runtime-4.1.2.jar;C:\Users\dell\.m2\repository\jakarta\inject\jakarta.inject-api\2.0.1\jakarta.inject-api-2.0.1.jar;C:\Users\dell\.m2\repository\org\antlr\antlr4-runtime\4.13.0\antlr4-runtime-4.13.0.jar;C:\Users\dell\.m2\repository\org\springframework\data\spring-data-jpa\3.5.5\spring-data-jpa-3.5.5.jar;C:\Users\dell\.m2\repository\org\springframework\data\spring-data-commons\3.5.5\spring-data-commons-3.5.5.jar;C:\Users\dell\.m2\repository\org\springframework\spring-orm\6.2.12\spring-orm-6.2.12.jar;C:\Users\dell\.m2\repository\org\springframework\spring-context\6.2.12\spring-context-6.2.12.jar;C:\Users\dell\.m2\repository\org\springframework\spring-tx\6.2.12\spring-tx-6.2.12.jar;C:\Users\dell\.m2\repository\org\springframework\spring-beans\6.2.12\spring-beans-6.2.12.jar;C:\Users\dell\.m2\repository\org\slf4j\slf4j-api\2.0.17\slf4j-api-2.0.17.jar;C:\Users\dell\.m2\repository\org\springframework\spring-aspects\6.2.12\spring-aspects-6.2.12.jar;C:\Users\dell\.m2\repository\org\aspectj\aspectjweaver\1.9.24\aspectjweaver-1.9.24.jar;C:\Users\dell\.m2\repository\org\springframework\boot\spring-boot-starter-mail\3.5.7\spring-boot-starter-mail-3.5.7.jar;C:\Users\dell\.m2\repository\org\springframework\spring-context-support\6.2.12\spring-context-support-6.2.12.jar;C:\Users\dell\.m2\repository\org\eclipse\angus\jakarta.mail\2.0.5\jakarta.mail-2.0.5.jar;C:\Users\dell\.m2\repository\jakarta\activation\jakarta.activation-api\2.1.4\jakarta.activation-api-2.1.4.jar;C:\Users\dell\.m2\repository\org\eclipse\angus\angus-activation\2.0.3\angus-activation-2.0.3.jar;C:\Users\dell\.m2\repository\org\hibernate\orm\hibernate-community-dialects\6.6.33.Final\hibernate-community-dialects-6.6.33.Final.jar;C:\Users\dell\.m2\repository\org\jboss\logging\jboss-logging\3.6.1.Final\jboss-logging-3.6.1.Final.jar;C:\Users\dell\.m2\repository\org\springframework\boot\spring-boot-starter-security\3.5.7\spring-boot-starter-security-3.5.7.jar;C:\Users\dell\.m2\repository\org\springframework\spring-aop\6.2.12\spring-aop-6.2.12.jar;C:\Users\dell\.m2\repository\org\springframework\security\spring-security-config\6.5.6\spring-security-config-6.5.6.jar;C:\Users\dell\.m2\repository\org\springframework\security\spring-security-web\6.5.6\spring-security-web-6.5.6.jar;C:\Users\dell\.m2\repository\org\springframework\spring-expression\6.2.12\spring-expression-6.2.12.jar;C:\Users\dell\.m2\repository\org\springframework\boot\spring-boot-starter-validation\3.5.7\spring-boot-starter-validation-3.5.7.jar;C:\Users\dell\.m2\repository\org\apache\tomcat\embed\tomcat-embed-el\10.1.48\tomcat-embed-el-10.1.48.jar;C:\Users\dell\.m2\repository\org\hibernate\validator\hibernate-validator\8.0.3.Final\hibernate-validator-8.0.3.Final.jar;C:\Users\dell\.m2\repository\jakarta\validation\jakarta.validation-api\3.0.2\jakarta.validation-api-3.0.2.jar;C:\Users\dell\.m2\repository\org\springframework\boot\spring-boot-starter-web\3.5.7\spring-boot-starter-web-3.5.7.jar;C:\Users\dell\.m2\repository\org\springframework\boot\spring-boot-starter-json\3.5.7\spring-boot-starter-json-3.5.7.jar;C:\Users\dell\.m2\repository\com\fasterxml\jackson\datatype\jackson-datatype-jdk8\2.19.2\jackson-datatype-jdk8-2.19.2.jar;C:\Users\dell\.m2\repository\com\fasterxml\jackson\datatype\jackson-datatype-jsr310\2.19.2\jackson-datatype-jsr310-2.19.2.jar;C:\Users\dell\.m2\repository\com\fasterxml\jackson\module\jackson-module-parameter-names\2.19.2\jackson-module-parameter-names-2.19.2.jar;C:\Users\dell\.m2\repository\org\springframework\boot\spring-boot-starter-tomcat\3.5.7\spring-boot-starter-tomcat-3.5.7.jar;C:\Users\dell\.m2\repository\org\apache\tomcat\embed\tomcat-embed-core\10.1.48\tomcat-embed-core-10.1.48.jar;C:\Users\dell\.m2\repository\org\apache\tomcat\embed\tomcat-embed-websocket\10.1.48\tomcat-embed-websocket-10.1.48.jar;C:\Users\dell\.m2\repository\org\springframework\spring-web\6.2.12\spring-web-6.2.12.jar;C:\Users\dell\.m2\repository\io\micrometer\micrometer-observation\1.15.5\micrometer-observation-1.15.5.jar;C:\Users\dell\.m2\repository\io\micrometer\micrometer-commons\1.15.5\micrometer-commons-1.15.5.jar;C:\Users\dell\.m2\repository\org\springframework\spring-webmvc\6.2.12\spring-webmvc-6.2.12.jar;C:\Users\dell\.m2\repository\org\springframework\boot\spring-boot-starter-webflux\3.5.7\spring-boot-starter-webflux-3.5.7.jar;C:\Users\dell\.m2\repository\org\springframework\boot\spring-boot-starter-reactor-netty\3.5.7\spring-boot-starter-reactor-netty-3.5.7.jar;C:\Users\dell\.m2\repository\io\projectreactor\netty\reactor-netty-http\1.2.11\reactor-netty-http-1.2.11.jar;C:\Users\dell\.m2\repository\io\netty\netty-codec-http\4.1.128.Final\netty-codec-http-4.1.128.Final.jar;C:\Users\dell\.m2\repository\io\netty\netty-common\4.1.128.Final\netty-common-4.1.128.Final.jar;C:\Users\dell\.m2\repository\io\netty\netty-buffer\4.1.128.Final\netty-buffer-4.1.128.Final.jar;C:\Users\dell\.m2\repository\io\netty\netty-transport\4.1.128.Final\netty-transport-4.1.128.Final.jar;C:\Users\dell\.m2\repository\io\netty\netty-codec\4.1.128.Final\netty-codec-4.1.128.Final.jar;C:\Users\dell\.m2\repository\io\netty\netty-handler\4.1.128.Final\netty-handler-4.1.128.Final.jar;C:\Users\dell\.m2\repository\io\netty\netty-codec-http2\4.1.128.Final\netty-codec-http2-4.1.128.Final.jar;C:\Users\dell\.m2\repository\io\netty\netty-resolver-dns\4.1.128.Final\netty-resolver-dns-4.1.128.Final.jar;C:\Users\dell\.m2\repository\io\netty\netty-resolver\4.1.128.Final\netty-resolver-4.1.128.Final.jar;C:\Users\dell\.m2\repository\io\netty\netty-codec-dns\4.1.128.Final\netty-codec-dns-4.1.128.Final.jar;C:\Users\dell\.m2\repository\io\netty\netty-resolver-dns-native-macos\4.1.128.Final\netty-resolver-dns-native-macos-4.1.128.Final-osx-x86_64.jar;C:\Users\dell\.m2\repository\io\netty\netty-resolver-dns-classes-macos\4.1.128.Final\netty-resolver-dns-classes-macos-4.1.128.Final.jar;C:\Users\dell\.m2\repository\io\netty\netty-transport-native-epoll\4.1.128.Final\netty-transport-native-epoll-4.1.128.Final-linux-x86_64.jar;C:\Users\dell\.m2\repository\io\netty\netty-transport-native-unix-common\4.1.128.Final\netty-transport-native-unix-common-4.1.128.Final.jar;C:\Users\dell\.m2\repository\io\netty\netty-transport-classes-epoll\4.1.128.Final\netty-transport-classes-epoll-4.1.128.Final.jar;C:\Users\dell\.m2\repository\io\projectreactor\netty\reactor-netty-core\1.2.11\reactor-netty-core-1.2.11.jar;C:\Users\dell\.m2\repository\io\netty\netty-handler-proxy\4.1.128.Final\netty-handler-proxy-4.1.128.Final.jar;C:\Users\dell\.m2\repository\io\netty\netty-codec-socks\4.1.128.Final\netty-codec-socks-4.1.128.Final.jar;C:\Users\dell\.m2\repository\org\springframework\spring-webflux\6.2.12\spring-webflux-6.2.12.jar;C:\Users\dell\.m2\repository\io\projectreactor\reactor-core\3.7.12\reactor-core-3.7.12.jar;C:\Users\dell\.m2\repository\org\reactivestreams\reactive-streams\1.0.4\reactive-streams-1.0.4.jar;C:\Users\dell\.m2\repository\io\jsonwebtoken\jjwt-api\0.11.5\jjwt-api-0.11.5.jar;C:\Users\dell\.m2\repository\io\jsonwebtoken\jjwt-impl\0.11.5\jjwt-impl-0.11.5.jar;C:\Users\dell\.m2\repository\io\jsonwebtoken\jjwt-jackson\0.11.5\jjwt-jackson-0.11.5.jar;C:\Users\dell\.m2\repository\com\fasterxml\jackson\core\jackson-databind\2.19.2\jackson-databind-2.19.2.jar;C:\Users\dell\.m2\repository\com\fasterxml\jackson\core\jackson-annotations\2.19.2\jackson-annotations-2.19.2.jar;C:\Users\dell\.m2\repository\com\fasterxml\jackson\core\jackson-core\2.19.2\jackson-core-2.19.2.jar;C:\Users\dell\.m2\repository\org\springframework\boot\spring-boot-devtools\3.5.7\spring-boot-devtools-3.5.7.jar;C:\Users\dell\.m2\repository\org\springframework\boot\spring-boot\3.5.7\spring-boot-3.5.7.jar;C:\Users\dell\.m2\repository\org\springframework\boot\spring-boot-autoconfigure\3.5.7\spring-boot-autoconfigure-3.5.7.jar;C:\Users\dell\.m2\repository\org\postgresql\postgresql\42.7.2\postgresql-42.7.2.jar;C:\Users\dell\.m2\repository\org\checkerframework\checker-qual\3.42.0\checker-qual-3.42.0.jar;C:\Users\dell\.m2\repository\org\projectlombok\lombok\1.18.36\lombok-1.18.36.jar;C:\Users\dell\.m2\repository\jakarta\xml\bind\jakarta.xml.bind-api\4.0.4\jakarta.xml.bind-api-4.0.4.jar;C:\Users\dell\.m2\repository\org\springframework\spring-core\6.2.12\spring-core-6.2.12.jar;C:\Users\dell\.m2\repository\org\springframework\spring-jcl\6.2.12\spring-jcl-6.2.12.jar;C:\Users\dell\.m2\repository\org\springframework\security\spring-security-core\6.5.6\spring-security-core-6.5.6.jar;C:\Users\dell\.m2\repository\org\springframework\security\spring-security-crypto\6.5.6\spring-security-crypto-6.5.6.jar
Launcher Type: SUN_STANDARD

[Global flags]
     intx CICompilerCount                          = 3                                         {product} {ergonomic}
     uint ConcGCThreads                            = 1                                         {product} {ergonomic}
     uint G1ConcRefinementThreads                  = 4                                         {product} {ergonomic}
   size_t G1HeapRegionSize                         = 1048576                                   {product} {ergonomic}
    uintx GCDrainStackTargetSize                   = 64                                        {product} {ergonomic}
   size_t InitialHeapSize                          = 130023424                                 {product} {ergonomic}
   size_t MarkStackSize                            = 4194304                                   {product} {ergonomic}
   size_t MaxHeapSize                              = 2078277632                                {product} {ergonomic}
   size_t MaxNewSize                               = 1246756864                                {product} {ergonomic}
   size_t MinHeapDeltaBytes                        = 1048576                                   {product} {ergonomic}
   size_t MinHeapSize                              = 8388608                                   {product} {ergonomic}
    uintx NonNMethodCodeHeapSize                   = 5832780                                {pd product} {ergonomic}
    uintx NonProfiledCodeHeapSize                  = 122912730                              {pd product} {ergonomic}
    uintx ProfiledCodeHeapSize                     = 122912730                              {pd product} {ergonomic}
    uintx ReservedCodeCacheSize                    = 251658240                              {pd product} {ergonomic}
     bool SegmentedCodeCache                       = true                                      {product} {ergonomic}
   size_t SoftMaxHeapSize                          = 2078277632                             {manageable} {ergonomic}
     bool UseCompressedOops                        = true                           {product lp64_product} {ergonomic}
     bool UseG1GC                                  = true                                      {product} {ergonomic}
     bool UseLargePagesIndividualAllocation        = false                                  {pd product} {ergonomic}

Logging:
Log output configuration:
 #0: stdout all=warning uptime,level,tags foldmultilines=false
 #1: stderr all=off uptime,level,tags foldmultilines=false

Environment Variables:
PATH=C:\Program Files\Python314\Scripts\;C:\Program Files\Python314\;C:\Program Files\Python311\Scripts\;C:\Program Files\Python311\;C:\Program Files\Common Files\Oracle\Java\javapath;C:\Program Files (x86)\Common Files\Oracle\Java\javapath;C:\WINDOWS\system32;C:\WINDOWS;C:\WINDOWS\System32\Wbem;C:\WINDOWS\System32\WindowsPowerShell\v1.0\;C:\WINDOWS\System32\OpenSSH\;C:\Program Files\dotnet\;C:\MinGW\bin;C:\Program Files\Java\jdk-19;C:\Program Files\Git\cmd;C:\Program Files\Microsoft SQL Server\150\Tools\Binn\;C:\Program Files (x86)\Windows Kits\10\Windows Performance Toolkit\;C:\Users\dell\AppData\Local\nvm;C:\nvm$w1\nodejs;C:\Program Files\nodejs\;C:\ProgramData\chocolatey\bin;C:\Program Files\apache-maven-3.9.11\apache-maven-3.9.11\bin;C:\Program Files\PowerShell\7\;C:\Program Files\MySQL\MySQL Shell 8.0\bin\;C:\Users\dell\AppData\Local\Microsoft\WindowsApps;C:\Users\dell\AppData\Local\Programs\Microsoft VS Code\bin;C:\Program Files\JetBrains\IntelliJ IDEA Community Edition 2023.2.1\bin;C:\Program Files\MongoDB\Server\8.0\bin;;C:\Users\dell\AppData\Local\Microsoft\WinGet\Packages\Schniz.fnm_Microsoft.Winget.Source_8wekyb3d8bbwe;C:\Users\dell\AppData\Local\Programs\mongosh\;C:\Users\dell\AppData\Local\nvm;C:\nvm$w1\nodejs;C:\Users\dell\AppData\Local\Microsoft\WinGet\Packages\cURL.cURL_Microsoft.Winget.Source_8wekyb3d8bbwe\curl-8.13.0_1-win64-mingw/bin;C:\Users\dell\AppData\Roaming\npm;D:\new volume\Pratiksha\flutter\bin;C:\Users\dell\AppData\Local\Programs\Antigravity\bin
USERNAME=dell
OS=Windows_NT
PROCESSOR_IDENTIFIER=Intel64 Family 6 Model 140 Stepping 1, GenuineIntel
TMP=C:\Users\dell\AppData\Local\Temp
TEMP=C:\Users\dell\AppData\Local\Temp




Periodic native trim disabled

---------------  S Y S T E M  ---------------

OS:
 Windows 11 , 64 bit Build 26100 (10.0.26100.8246)
OS uptime: 6 days 7:19 hours
Hyper-V role detected

CPU: total 4 (initial active 4) (2 cores per cpu, 2 threads per core) family 6 model 140 stepping 1 microcode 0xbe, cx8, cmov, fxsr, ht, mmx, 3dnowpref, sse, sse2, sse3, ssse3, sse4.1, sse4.2, popcnt, lzcnt, tsc, tscinvbit, avx, avx2, aes, erms, clmul, bmi1, bmi2, adx, avx512f, avx512dq, avx512cd, avx512bw, avx512vl, sha, fma, vzeroupper, avx512_vpopcntdq, avx512_vpclmulqdq, avx512_vaes, avx512_vnni, clflush, clflushopt, clwb, avx512_vbmi2, avx512_vbmi, hv, rdtscp, rdpid, fsrm, gfni, avx512_bitalg, f16c, cet_ibt, cet_ss, avx512_ifma
Processor Information for all 4 processors :
  Max Mhz: 2995, Current Mhz: 2995, Mhz Limit: 2995

Memory: 4k page, system-wide physical 7926M (657M free)
TotalPageFile size 28346M (AvailPageFile size 5M)
current process WorkingSet (physical memory assigned to process): 181M, peak: 377M
current process commit charge ("private bytes"): 400M, peak: 415M

vm_info: Java HotSpot(TM) 64-Bit Server VM (21.0.1+12-LTS-29) for windows-amd64 JRE (21.0.1+12-LTS-29), built on 2023-10-05T13:27:09Z by "mach5one" with MS VC++ 17.1 (VS2022)

END.
